
 njoy 2019.01  31Aug19                                       11/03/19 21:35:45
 *****************************************************************************

Run Title: Enh: Ga-69 (self-atom in GaAs) ENDF/B-VIII.0; displacement kerma; Ed = 0.00 eV; 


 moder...                                                                 0.0s

 reconr...                                                                0.0s

 broadr...                                                                0.2s

 heatr...                                                                 0.5s
 Threshold displacement energy replaced with   0.000000    
 Lattice atomic mass replaced with   69.12194     nmass
 Lattice atomic number replaced with   31.00000    

 groupr...                                                                1.1s

 ---message from conver---cannot do complete particle production for mt= 16
                          only mf4/mf5 provided

 ---message from conver---cannot do complete particle production for mt= 22
                          only mf4/mf5 provided

 ---message from conver---cannot do complete particle production for mt= 28
                          only mf4/mf5 provided

 ---message from conver---cannot do complete particle production for mt= 32
                          only mf4/mf5 provided

 ---message from conver---cannot do complete particle production for mt= 91
                          only mf4/mf5 provided
                                                                          1.2s
 *****************************************************************************
