
 njoy 2019.01  31Aug19                                       11/05/19 21:33:15
 *****************************************************************************

Run Title: Enh: N-15 (self-atom in GaN) ENDF/B-VIII.0; NRT damage energy; Ed = 19.0 eV; Rob


 moder...                                                                 0.0s

 reconr...                                                                0.0s

 broadr...                                                                0.0s

 heatr...                                                                 0.1s
 Threshold displacement energy replaced with   19.00000    
 Lattice atomic mass replaced with   13.88611     nmass
 Lattice atomic number replaced with   7.000000    

 ---message from gheat---no file 12 for this material.

 groupr...                                                                0.3s

 ---message from conver---cannot do complete particle production for mt= 16
                          only mf4/mf5 provided

 ---message from conver---cannot do complete particle production for mt= 22
                          only mf4/mf5 provided

 ---message from conver---cannot do complete particle production for mt= 28
                          only mf4/mf5 provided

 ---message from conver---cannot do complete particle production for mt= 91
                          only mf4/mf5 provided
                                                                          0.5s
 *****************************************************************************
