1*****************************************************************************
 *                                         *              *                  *
 *   $$   $$       $$   $$$$$   $$    $$   *              *  vers: 2019.01   *
 *   $$$  $$       $$  $$$$$$$   $$  $$    *  nuclear     *  vday: 31Aug19   *
 *   $$$$ $$       $$  $$   $$    $$$$     *  data        *  site: snl RES   *
 *   $$ $$$$  $$   $$  $$   $$     $$      *  processing  *  mach:           *
 *   $$  $$$  $$$$$$$  $$$$$$$     $$      *  system      *  date: 12/07/19  *
 *   $$   $$   $$$$$    $$$$$      $$      *              *  time: 17:14:49  *
 *                                         *              *                  *
 *****************************************************************************

Run Title: Enh: Ni58(n,p) IRDFF-II cross section processing                                

Enhanced control logic inputs:

    imode:   0 0 0
    icntrl:  0 0 0 0 0 0 0 0 0 0

icntrl(1) control logic flag set for NJOY default (spKP-DE):   0
icntrl(10) control logic flag set for damage energy:   0

 moder...change the mode of an endf tape or njoy output tape              0.0s

 input unit (+ for coded, - for bb) ...         20
 output unit (+ for coded, - for bb) ..        -21

 tape label
 --------------------------------------
  IRDFF-2.00 point-wise dosimetry data                                

 using endf-6 format
                                                                          1.7s
 *****************************************************************************

 reconr...reconstruct pointwise cross sections in pendf format            1.7s

 unit for endf tape ...................        -21
 unit for pendf tape ..................        -22

 label for pendf tape
 ------------------------------------------------------------------
 processing of Ni-58 of IRDFF-II                                     

 tape label
 ------------------------------------------------------------------
 IRDFF-2.00 point-wise dosimetry data                                

 material to be processed .............       2825
 reconstruction tolerance .............      0.001
 reconstruction temperature ...........     293.60k
 resonance-integral-check tolerance ...      0.010
 max resonance-integral error .........  5.000E-08

 descriptive cards for pendf tape
 ------------------------------------------------------------------
 Ni58 IRDFF-II                                                       
 PROCESSED BY THE NJOY-2016 NUCLEAR DATA PROCESSING SYSTEM           
 SEE ORIGINAL TAPE FOR DETAILS OF EVALUATION                         
 

 processing mat 2825 in endf-6 format
 ------------------------------------------------------------------
  28-Ni- 58 FEI        EVAL-Jul13 K.I.Zolotarev                      


 mat has no resonance parameters

 number of user and resonance nodes           =       0
 points in initial unionized grid             =     190
 points added by linearization                =      11                   1.7s
 number of points in final unionized grid     =     201
                                                                          1.7s
 *****************************************************************************

 groupr...compute self-shielded group-averaged cross-sections             1.7s

 unit for endf tape ...................        -21
 unit for pendf tape ..................        -22
 unit for input gout tape .............          0
 unit for output gout tape ............         25
 mat to be processed ..................       2825
 neutron group structure option .......         15
 gamma group option ...................          0
 weight function option ...............          4
 legendre order .......................          0
 print option (0 min, 1 max) ..........          1
 smoothing option (0 off, 1 on) .......          1

 run title
 --------------------------------------
      groupr: 640-group SAND-II                                         
 
 temperatures (kelvin) ................   2.94E+02
 sigma zeroes .........................   infinity

 neutron group structure......sand-iia 640-group
     1   1.00000E-04  -  1.05000E-04
     2   1.05000E-04  -  1.10000E-04
     3   1.10000E-04  -  1.15000E-04
     4   1.15000E-04  -  1.20000E-04
     5   1.20000E-04  -  1.27500E-04
     6   1.27500E-04  -  1.35000E-04
     7   1.35000E-04  -  1.42500E-04
     8   1.42500E-04  -  1.50000E-04
     9   1.50000E-04  -  1.60000E-04
    10   1.60000E-04  -  1.70000E-04
    11   1.70000E-04  -  1.80000E-04
    12   1.80000E-04  -  1.90000E-04
    13   1.90000E-04  -  2.00000E-04
    14   2.00000E-04  -  2.10000E-04
    15   2.10000E-04  -  2.20000E-04
    16   2.20000E-04  -  2.30000E-04
    17   2.30000E-04  -  2.40000E-04
    18   2.40000E-04  -  2.55000E-04
    19   2.55000E-04  -  2.70000E-04
    20   2.70000E-04  -  2.80000E-04
    21   2.80000E-04  -  3.00000E-04
    22   3.00000E-04  -  3.20000E-04
    23   3.20000E-04  -  3.40000E-04
    24   3.40000E-04  -  3.60000E-04
    25   3.60000E-04  -  3.80000E-04
    26   3.80000E-04  -  4.00000E-04
    27   4.00000E-04  -  4.25000E-04
    28   4.25000E-04  -  4.50000E-04
    29   4.50000E-04  -  4.75000E-04
    30   4.75000E-04  -  5.00000E-04
    31   5.00000E-04  -  5.25000E-04
    32   5.25000E-04  -  5.50000E-04
    33   5.50000E-04  -  5.75000E-04
    34   5.75000E-04  -  6.00000E-04
    35   6.00000E-04  -  6.30000E-04
    36   6.30000E-04  -  6.60000E-04
    37   6.60000E-04  -  6.90000E-04
    38   6.90000E-04  -  7.20000E-04
    39   7.20000E-04  -  7.60000E-04
    40   7.60000E-04  -  8.00000E-04
    41   8.00000E-04  -  8.40000E-04
    42   8.40000E-04  -  8.80000E-04
    43   8.80000E-04  -  9.20000E-04
    44   9.20000E-04  -  9.60000E-04
    45   9.60000E-04  -  1.00000E-03
    46   1.00000E-03  -  1.05000E-03
    47   1.05000E-03  -  1.10000E-03
    48   1.10000E-03  -  1.15000E-03
    49   1.15000E-03  -  1.20000E-03
    50   1.20000E-03  -  1.27500E-03
    51   1.27500E-03  -  1.35000E-03
    52   1.35000E-03  -  1.42500E-03
    53   1.42500E-03  -  1.50000E-03
    54   1.50000E-03  -  1.60000E-03
    55   1.60000E-03  -  1.70000E-03
    56   1.70000E-03  -  1.80000E-03
    57   1.80000E-03  -  1.90000E-03
    58   1.90000E-03  -  2.00000E-03
    59   2.00000E-03  -  2.10000E-03
    60   2.10000E-03  -  2.20000E-03
    61   2.20000E-03  -  2.30000E-03
    62   2.30000E-03  -  2.40000E-03
    63   2.40000E-03  -  2.55000E-03
    64   2.55000E-03  -  2.70000E-03
    65   2.70000E-03  -  2.80000E-03
    66   2.80000E-03  -  3.00000E-03
    67   3.00000E-03  -  3.20000E-03
    68   3.20000E-03  -  3.40000E-03
    69   3.40000E-03  -  3.60000E-03
    70   3.60000E-03  -  3.80000E-03
    71   3.80000E-03  -  4.00000E-03
    72   4.00000E-03  -  4.25000E-03
    73   4.25000E-03  -  4.50000E-03
    74   4.50000E-03  -  4.75000E-03
    75   4.75000E-03  -  5.00000E-03
    76   5.00000E-03  -  5.25000E-03
    77   5.25000E-03  -  5.50000E-03
    78   5.50000E-03  -  5.75000E-03
    79   5.75000E-03  -  6.00000E-03
    80   6.00000E-03  -  6.30000E-03
    81   6.30000E-03  -  6.60000E-03
    82   6.60000E-03  -  6.90000E-03
    83   6.90000E-03  -  7.20000E-03
    84   7.20000E-03  -  7.60000E-03
    85   7.60000E-03  -  8.00000E-03
    86   8.00000E-03  -  8.40000E-03
    87   8.40000E-03  -  8.80000E-03
    88   8.80000E-03  -  9.20000E-03
    89   9.20000E-03  -  9.60000E-03
    90   9.60000E-03  -  1.00000E-02
    91   1.00000E-02  -  1.05000E-02
    92   1.05000E-02  -  1.10000E-02
    93   1.10000E-02  -  1.15000E-02
    94   1.15000E-02  -  1.20000E-02
    95   1.20000E-02  -  1.27500E-02
    96   1.27500E-02  -  1.35000E-02
    97   1.35000E-02  -  1.42500E-02
    98   1.42500E-02  -  1.50000E-02
    99   1.50000E-02  -  1.60000E-02
   100   1.60000E-02  -  1.70000E-02
   101   1.70000E-02  -  1.80000E-02
   102   1.80000E-02  -  1.90000E-02
   103   1.90000E-02  -  2.00000E-02
   104   2.00000E-02  -  2.10000E-02
   105   2.10000E-02  -  2.20000E-02
   106   2.20000E-02  -  2.30000E-02
   107   2.30000E-02  -  2.40000E-02
   108   2.40000E-02  -  2.55000E-02
   109   2.55000E-02  -  2.70000E-02
   110   2.70000E-02  -  2.80000E-02
   111   2.80000E-02  -  3.00000E-02
   112   3.00000E-02  -  3.20000E-02
   113   3.20000E-02  -  3.40000E-02
   114   3.40000E-02  -  3.60000E-02
   115   3.60000E-02  -  3.80000E-02
   116   3.80000E-02  -  4.00000E-02
   117   4.00000E-02  -  4.25000E-02
   118   4.25000E-02  -  4.50000E-02
   119   4.50000E-02  -  4.75000E-02
   120   4.75000E-02  -  5.00000E-02
   121   5.00000E-02  -  5.25000E-02
   122   5.25000E-02  -  5.50000E-02
   123   5.50000E-02  -  5.75000E-02
   124   5.75000E-02  -  6.00000E-02
   125   6.00000E-02  -  6.30000E-02
   126   6.30000E-02  -  6.60000E-02
   127   6.60000E-02  -  6.90000E-02
   128   6.90000E-02  -  7.20000E-02
   129   7.20000E-02  -  7.60000E-02
   130   7.60000E-02  -  8.00000E-02
   131   8.00000E-02  -  8.40000E-02
   132   8.40000E-02  -  8.80000E-02
   133   8.80000E-02  -  9.20000E-02
   134   9.20000E-02  -  9.60000E-02
   135   9.60000E-02  -  1.00000E-01
   136   1.00000E-01  -  1.05000E-01
   137   1.05000E-01  -  1.10000E-01
   138   1.10000E-01  -  1.15000E-01
   139   1.15000E-01  -  1.20000E-01
   140   1.20000E-01  -  1.27500E-01
   141   1.27500E-01  -  1.35000E-01
   142   1.35000E-01  -  1.42500E-01
   143   1.42500E-01  -  1.50000E-01
   144   1.50000E-01  -  1.60000E-01
   145   1.60000E-01  -  1.70000E-01
   146   1.70000E-01  -  1.80000E-01
   147   1.80000E-01  -  1.90000E-01
   148   1.90000E-01  -  2.00000E-01
   149   2.00000E-01  -  2.10000E-01
   150   2.10000E-01  -  2.20000E-01
   151   2.20000E-01  -  2.30000E-01
   152   2.30000E-01  -  2.40000E-01
   153   2.40000E-01  -  2.55000E-01
   154   2.55000E-01  -  2.70000E-01
   155   2.70000E-01  -  2.80000E-01
   156   2.80000E-01  -  3.00000E-01
   157   3.00000E-01  -  3.20000E-01
   158   3.20000E-01  -  3.40000E-01
   159   3.40000E-01  -  3.60000E-01
   160   3.60000E-01  -  3.80000E-01
   161   3.80000E-01  -  4.00000E-01
   162   4.00000E-01  -  4.25000E-01
   163   4.25000E-01  -  4.50000E-01
   164   4.50000E-01  -  4.75000E-01
   165   4.75000E-01  -  5.00000E-01
   166   5.00000E-01  -  5.25000E-01
   167   5.25000E-01  -  5.50000E-01
   168   5.50000E-01  -  5.75000E-01
   169   5.75000E-01  -  6.00000E-01
   170   6.00000E-01  -  6.30000E-01
   171   6.30000E-01  -  6.60000E-01
   172   6.60000E-01  -  6.90000E-01
   173   6.90000E-01  -  7.20000E-01
   174   7.20000E-01  -  7.60000E-01
   175   7.60000E-01  -  8.00000E-01
   176   8.00000E-01  -  8.40000E-01
   177   8.40000E-01  -  8.80000E-01
   178   8.80000E-01  -  9.20000E-01
   179   9.20000E-01  -  9.60000E-01
   180   9.60000E-01  -  1.00000E+00
   181   1.00000E+00  -  1.05000E+00
   182   1.05000E+00  -  1.10000E+00
   183   1.10000E+00  -  1.15000E+00
   184   1.15000E+00  -  1.20000E+00
   185   1.20000E+00  -  1.27500E+00
   186   1.27500E+00  -  1.35000E+00
   187   1.35000E+00  -  1.42500E+00
   188   1.42500E+00  -  1.50000E+00
   189   1.50000E+00  -  1.60000E+00
   190   1.60000E+00  -  1.70000E+00
   191   1.70000E+00  -  1.80000E+00
   192   1.80000E+00  -  1.90000E+00
   193   1.90000E+00  -  2.00000E+00
   194   2.00000E+00  -  2.10000E+00
   195   2.10000E+00  -  2.20000E+00
   196   2.20000E+00  -  2.30000E+00
   197   2.30000E+00  -  2.40000E+00
   198   2.40000E+00  -  2.55000E+00
   199   2.55000E+00  -  2.70000E+00
   200   2.70000E+00  -  2.80000E+00
   201   2.80000E+00  -  3.00000E+00
   202   3.00000E+00  -  3.20000E+00
   203   3.20000E+00  -  3.40000E+00
   204   3.40000E+00  -  3.60000E+00
   205   3.60000E+00  -  3.80000E+00
   206   3.80000E+00  -  4.00000E+00
   207   4.00000E+00  -  4.25000E+00
   208   4.25000E+00  -  4.50000E+00
   209   4.50000E+00  -  4.75000E+00
   210   4.75000E+00  -  5.00000E+00
   211   5.00000E+00  -  5.25000E+00
   212   5.25000E+00  -  5.50000E+00
   213   5.50000E+00  -  5.75000E+00
   214   5.75000E+00  -  6.00000E+00
   215   6.00000E+00  -  6.30000E+00
   216   6.30000E+00  -  6.60000E+00
   217   6.60000E+00  -  6.90000E+00
   218   6.90000E+00  -  7.20000E+00
   219   7.20000E+00  -  7.60000E+00
   220   7.60000E+00  -  8.00000E+00
   221   8.00000E+00  -  8.40000E+00
   222   8.40000E+00  -  8.80000E+00
   223   8.80000E+00  -  9.20000E+00
   224   9.20000E+00  -  9.60000E+00
   225   9.60000E+00  -  1.00000E+01
   226   1.00000E+01  -  1.05000E+01
   227   1.05000E+01  -  1.10000E+01
   228   1.10000E+01  -  1.15000E+01
   229   1.15000E+01  -  1.20000E+01
   230   1.20000E+01  -  1.27500E+01
   231   1.27500E+01  -  1.35000E+01
   232   1.35000E+01  -  1.42500E+01
   233   1.42500E+01  -  1.50000E+01
   234   1.50000E+01  -  1.60000E+01
   235   1.60000E+01  -  1.70000E+01
   236   1.70000E+01  -  1.80000E+01
   237   1.80000E+01  -  1.90000E+01
   238   1.90000E+01  -  2.00000E+01
   239   2.00000E+01  -  2.10000E+01
   240   2.10000E+01  -  2.20000E+01
   241   2.20000E+01  -  2.30000E+01
   242   2.30000E+01  -  2.40000E+01
   243   2.40000E+01  -  2.55000E+01
   244   2.55000E+01  -  2.70000E+01
   245   2.70000E+01  -  2.80000E+01
   246   2.80000E+01  -  3.00000E+01
   247   3.00000E+01  -  3.20000E+01
   248   3.20000E+01  -  3.40000E+01
   249   3.40000E+01  -  3.60000E+01
   250   3.60000E+01  -  3.80000E+01
   251   3.80000E+01  -  4.00000E+01
   252   4.00000E+01  -  4.25000E+01
   253   4.25000E+01  -  4.50000E+01
   254   4.50000E+01  -  4.75000E+01
   255   4.75000E+01  -  5.00000E+01
   256   5.00000E+01  -  5.25000E+01
   257   5.25000E+01  -  5.50000E+01
   258   5.50000E+01  -  5.75000E+01
   259   5.75000E+01  -  6.00000E+01
   260   6.00000E+01  -  6.30000E+01
   261   6.30000E+01  -  6.60000E+01
   262   6.60000E+01  -  6.90000E+01
   263   6.90000E+01  -  7.20000E+01
   264   7.20000E+01  -  7.60000E+01
   265   7.60000E+01  -  8.00000E+01
   266   8.00000E+01  -  8.40000E+01
   267   8.40000E+01  -  8.80000E+01
   268   8.80000E+01  -  9.20000E+01
   269   9.20000E+01  -  9.60000E+01
   270   9.60000E+01  -  1.00000E+02
   271   1.00000E+02  -  1.05000E+02
   272   1.05000E+02  -  1.10000E+02
   273   1.10000E+02  -  1.15000E+02
   274   1.15000E+02  -  1.20000E+02
   275   1.20000E+02  -  1.27500E+02
   276   1.27500E+02  -  1.35000E+02
   277   1.35000E+02  -  1.42500E+02
   278   1.42500E+02  -  1.50000E+02
   279   1.50000E+02  -  1.60000E+02
   280   1.60000E+02  -  1.70000E+02
   281   1.70000E+02  -  1.80000E+02
   282   1.80000E+02  -  1.90000E+02
   283   1.90000E+02  -  2.00000E+02
   284   2.00000E+02  -  2.10000E+02
   285   2.10000E+02  -  2.20000E+02
   286   2.20000E+02  -  2.30000E+02
   287   2.30000E+02  -  2.40000E+02
   288   2.40000E+02  -  2.55000E+02
   289   2.55000E+02  -  2.70000E+02
   290   2.70000E+02  -  2.80000E+02
   291   2.80000E+02  -  3.00000E+02
   292   3.00000E+02  -  3.20000E+02
   293   3.20000E+02  -  3.40000E+02
   294   3.40000E+02  -  3.60000E+02
   295   3.60000E+02  -  3.80000E+02
   296   3.80000E+02  -  4.00000E+02
   297   4.00000E+02  -  4.25000E+02
   298   4.25000E+02  -  4.50000E+02
   299   4.50000E+02  -  4.75000E+02
   300   4.75000E+02  -  5.00000E+02
   301   5.00000E+02  -  5.25000E+02
   302   5.25000E+02  -  5.50000E+02
   303   5.50000E+02  -  5.75000E+02
   304   5.75000E+02  -  6.00000E+02
   305   6.00000E+02  -  6.30000E+02
   306   6.30000E+02  -  6.60000E+02
   307   6.60000E+02  -  6.90000E+02
   308   6.90000E+02  -  7.20000E+02
   309   7.20000E+02  -  7.60000E+02
   310   7.60000E+02  -  8.00000E+02
   311   8.00000E+02  -  8.40000E+02
   312   8.40000E+02  -  8.80000E+02
   313   8.80000E+02  -  9.20000E+02
   314   9.20000E+02  -  9.60000E+02
   315   9.60000E+02  -  1.00000E+03
   316   1.00000E+03  -  1.05000E+03
   317   1.05000E+03  -  1.10000E+03
   318   1.10000E+03  -  1.15000E+03
   319   1.15000E+03  -  1.20000E+03
   320   1.20000E+03  -  1.27500E+03
   321   1.27500E+03  -  1.35000E+03
   322   1.35000E+03  -  1.42500E+03
   323   1.42500E+03  -  1.50000E+03
   324   1.50000E+03  -  1.60000E+03
   325   1.60000E+03  -  1.70000E+03
   326   1.70000E+03  -  1.80000E+03
   327   1.80000E+03  -  1.90000E+03
   328   1.90000E+03  -  2.00000E+03
   329   2.00000E+03  -  2.10000E+03
   330   2.10000E+03  -  2.20000E+03
   331   2.20000E+03  -  2.30000E+03
   332   2.30000E+03  -  2.40000E+03
   333   2.40000E+03  -  2.55000E+03
   334   2.55000E+03  -  2.70000E+03
   335   2.70000E+03  -  2.80000E+03
   336   2.80000E+03  -  3.00000E+03
   337   3.00000E+03  -  3.20000E+03
   338   3.20000E+03  -  3.40000E+03
   339   3.40000E+03  -  3.60000E+03
   340   3.60000E+03  -  3.80000E+03
   341   3.80000E+03  -  4.00000E+03
   342   4.00000E+03  -  4.25000E+03
   343   4.25000E+03  -  4.50000E+03
   344   4.50000E+03  -  4.75000E+03
   345   4.75000E+03  -  5.00000E+03
   346   5.00000E+03  -  5.25000E+03
   347   5.25000E+03  -  5.50000E+03
   348   5.50000E+03  -  5.75000E+03
   349   5.75000E+03  -  6.00000E+03
   350   6.00000E+03  -  6.30000E+03
   351   6.30000E+03  -  6.60000E+03
   352   6.60000E+03  -  6.90000E+03
   353   6.90000E+03  -  7.20000E+03
   354   7.20000E+03  -  7.60000E+03
   355   7.60000E+03  -  8.00000E+03
   356   8.00000E+03  -  8.40000E+03
   357   8.40000E+03  -  8.80000E+03
   358   8.80000E+03  -  9.20000E+03
   359   9.20000E+03  -  9.60000E+03
   360   9.60000E+03  -  1.00000E+04
   361   1.00000E+04  -  1.05000E+04
   362   1.05000E+04  -  1.10000E+04
   363   1.10000E+04  -  1.15000E+04
   364   1.15000E+04  -  1.20000E+04
   365   1.20000E+04  -  1.27500E+04
   366   1.27500E+04  -  1.35000E+04
   367   1.35000E+04  -  1.42500E+04
   368   1.42500E+04  -  1.50000E+04
   369   1.50000E+04  -  1.60000E+04
   370   1.60000E+04  -  1.70000E+04
   371   1.70000E+04  -  1.80000E+04
   372   1.80000E+04  -  1.90000E+04
   373   1.90000E+04  -  2.00000E+04
   374   2.00000E+04  -  2.10000E+04
   375   2.10000E+04  -  2.20000E+04
   376   2.20000E+04  -  2.30000E+04
   377   2.30000E+04  -  2.40000E+04
   378   2.40000E+04  -  2.55000E+04
   379   2.55000E+04  -  2.70000E+04
   380   2.70000E+04  -  2.80000E+04
   381   2.80000E+04  -  3.00000E+04
   382   3.00000E+04  -  3.20000E+04
   383   3.20000E+04  -  3.40000E+04
   384   3.40000E+04  -  3.60000E+04
   385   3.60000E+04  -  3.80000E+04
   386   3.80000E+04  -  4.00000E+04
   387   4.00000E+04  -  4.25000E+04
   388   4.25000E+04  -  4.50000E+04
   389   4.50000E+04  -  4.75000E+04
   390   4.75000E+04  -  5.00000E+04
   391   5.00000E+04  -  5.25000E+04
   392   5.25000E+04  -  5.50000E+04
   393   5.50000E+04  -  5.75000E+04
   394   5.75000E+04  -  6.00000E+04
   395   6.00000E+04  -  6.30000E+04
   396   6.30000E+04  -  6.60000E+04
   397   6.60000E+04  -  6.90000E+04
   398   6.90000E+04  -  7.20000E+04
   399   7.20000E+04  -  7.60000E+04
   400   7.60000E+04  -  8.00000E+04
   401   8.00000E+04  -  8.40000E+04
   402   8.40000E+04  -  8.80000E+04
   403   8.80000E+04  -  9.20000E+04
   404   9.20000E+04  -  9.60000E+04
   405   9.60000E+04  -  1.00000E+05
   406   1.00000E+05  -  1.05000E+05
   407   1.05000E+05  -  1.10000E+05
   408   1.10000E+05  -  1.15000E+05
   409   1.15000E+05  -  1.20000E+05
   410   1.20000E+05  -  1.27500E+05
   411   1.27500E+05  -  1.35000E+05
   412   1.35000E+05  -  1.42500E+05
   413   1.42500E+05  -  1.50000E+05
   414   1.50000E+05  -  1.60000E+05
   415   1.60000E+05  -  1.70000E+05
   416   1.70000E+05  -  1.80000E+05
   417   1.80000E+05  -  1.90000E+05
   418   1.90000E+05  -  2.00000E+05
   419   2.00000E+05  -  2.10000E+05
   420   2.10000E+05  -  2.20000E+05
   421   2.20000E+05  -  2.30000E+05
   422   2.30000E+05  -  2.40000E+05
   423   2.40000E+05  -  2.55000E+05
   424   2.55000E+05  -  2.70000E+05
   425   2.70000E+05  -  2.80000E+05
   426   2.80000E+05  -  3.00000E+05
   427   3.00000E+05  -  3.20000E+05
   428   3.20000E+05  -  3.40000E+05
   429   3.40000E+05  -  3.60000E+05
   430   3.60000E+05  -  3.80000E+05
   431   3.80000E+05  -  4.00000E+05
   432   4.00000E+05  -  4.25000E+05
   433   4.25000E+05  -  4.50000E+05
   434   4.50000E+05  -  4.75000E+05
   435   4.75000E+05  -  5.00000E+05
   436   5.00000E+05  -  5.25000E+05
   437   5.25000E+05  -  5.50000E+05
   438   5.50000E+05  -  5.75000E+05
   439   5.75000E+05  -  6.00000E+05
   440   6.00000E+05  -  6.30000E+05
   441   6.30000E+05  -  6.60000E+05
   442   6.60000E+05  -  6.90000E+05
   443   6.90000E+05  -  7.20000E+05
   444   7.20000E+05  -  7.60000E+05
   445   7.60000E+05  -  8.00000E+05
   446   8.00000E+05  -  8.40000E+05
   447   8.40000E+05  -  8.80000E+05
   448   8.80000E+05  -  9.20000E+05
   449   9.20000E+05  -  9.60000E+05
   450   9.60000E+05  -  1.00000E+06
   451   1.00000E+06  -  1.10000E+06
   452   1.10000E+06  -  1.20000E+06
   453   1.20000E+06  -  1.30000E+06
   454   1.30000E+06  -  1.40000E+06
   455   1.40000E+06  -  1.50000E+06
   456   1.50000E+06  -  1.60000E+06
   457   1.60000E+06  -  1.70000E+06
   458   1.70000E+06  -  1.80000E+06
   459   1.80000E+06  -  1.90000E+06
   460   1.90000E+06  -  2.00000E+06
   461   2.00000E+06  -  2.10000E+06
   462   2.10000E+06  -  2.20000E+06
   463   2.20000E+06  -  2.30000E+06
   464   2.30000E+06  -  2.40000E+06
   465   2.40000E+06  -  2.50000E+06
   466   2.50000E+06  -  2.60000E+06
   467   2.60000E+06  -  2.70000E+06
   468   2.70000E+06  -  2.80000E+06
   469   2.80000E+06  -  2.90000E+06
   470   2.90000E+06  -  3.00000E+06
   471   3.00000E+06  -  3.10000E+06
   472   3.10000E+06  -  3.20000E+06
   473   3.20000E+06  -  3.30000E+06
   474   3.30000E+06  -  3.40000E+06
   475   3.40000E+06  -  3.50000E+06
   476   3.50000E+06  -  3.60000E+06
   477   3.60000E+06  -  3.70000E+06
   478   3.70000E+06  -  3.80000E+06
   479   3.80000E+06  -  3.90000E+06
   480   3.90000E+06  -  4.00000E+06
   481   4.00000E+06  -  4.10000E+06
   482   4.10000E+06  -  4.20000E+06
   483   4.20000E+06  -  4.30000E+06
   484   4.30000E+06  -  4.40000E+06
   485   4.40000E+06  -  4.50000E+06
   486   4.50000E+06  -  4.60000E+06
   487   4.60000E+06  -  4.70000E+06
   488   4.70000E+06  -  4.80000E+06
   489   4.80000E+06  -  4.90000E+06
   490   4.90000E+06  -  5.00000E+06
   491   5.00000E+06  -  5.10000E+06
   492   5.10000E+06  -  5.20000E+06
   493   5.20000E+06  -  5.30000E+06
   494   5.30000E+06  -  5.40000E+06
   495   5.40000E+06  -  5.50000E+06
   496   5.50000E+06  -  5.60000E+06
   497   5.60000E+06  -  5.70000E+06
   498   5.70000E+06  -  5.80000E+06
   499   5.80000E+06  -  5.90000E+06
   500   5.90000E+06  -  6.00000E+06
   501   6.00000E+06  -  6.10000E+06
   502   6.10000E+06  -  6.20000E+06
   503   6.20000E+06  -  6.30000E+06
   504   6.30000E+06  -  6.40000E+06
   505   6.40000E+06  -  6.50000E+06
   506   6.50000E+06  -  6.60000E+06
   507   6.60000E+06  -  6.70000E+06
   508   6.70000E+06  -  6.80000E+06
   509   6.80000E+06  -  6.90000E+06
   510   6.90000E+06  -  7.00000E+06
   511   7.00000E+06  -  7.10000E+06
   512   7.10000E+06  -  7.20000E+06
   513   7.20000E+06  -  7.30000E+06
   514   7.30000E+06  -  7.40000E+06
   515   7.40000E+06  -  7.50000E+06
   516   7.50000E+06  -  7.60000E+06
   517   7.60000E+06  -  7.70000E+06
   518   7.70000E+06  -  7.80000E+06
   519   7.80000E+06  -  7.90000E+06
   520   7.90000E+06  -  8.00000E+06
   521   8.00000E+06  -  8.10000E+06
   522   8.10000E+06  -  8.20000E+06
   523   8.20000E+06  -  8.30000E+06
   524   8.30000E+06  -  8.40000E+06
   525   8.40000E+06  -  8.50000E+06
   526   8.50000E+06  -  8.60000E+06
   527   8.60000E+06  -  8.70000E+06
   528   8.70000E+06  -  8.80000E+06
   529   8.80000E+06  -  8.90000E+06
   530   8.90000E+06  -  9.00000E+06
   531   9.00000E+06  -  9.10000E+06
   532   9.10000E+06  -  9.20000E+06
   533   9.20000E+06  -  9.30000E+06
   534   9.30000E+06  -  9.40000E+06
   535   9.40000E+06  -  9.50000E+06
   536   9.50000E+06  -  9.60000E+06
   537   9.60000E+06  -  9.70000E+06
   538   9.70000E+06  -  9.80000E+06
   539   9.80000E+06  -  9.90000E+06
   540   9.90000E+06  -  1.00000E+07
   541   1.00000E+07  -  1.01000E+07
   542   1.01000E+07  -  1.02000E+07
   543   1.02000E+07  -  1.03000E+07
   544   1.03000E+07  -  1.04000E+07
   545   1.04000E+07  -  1.05000E+07
   546   1.05000E+07  -  1.06000E+07
   547   1.06000E+07  -  1.07000E+07
   548   1.07000E+07  -  1.08000E+07
   549   1.08000E+07  -  1.09000E+07
   550   1.09000E+07  -  1.10000E+07
   551   1.10000E+07  -  1.11000E+07
   552   1.11000E+07  -  1.12000E+07
   553   1.12000E+07  -  1.13000E+07
   554   1.13000E+07  -  1.14000E+07
   555   1.14000E+07  -  1.15000E+07
   556   1.15000E+07  -  1.16000E+07
   557   1.16000E+07  -  1.17000E+07
   558   1.17000E+07  -  1.18000E+07
   559   1.18000E+07  -  1.19000E+07
   560   1.19000E+07  -  1.20000E+07
   561   1.20000E+07  -  1.21000E+07
   562   1.21000E+07  -  1.22000E+07
   563   1.22000E+07  -  1.23000E+07
   564   1.23000E+07  -  1.24000E+07
   565   1.24000E+07  -  1.25000E+07
   566   1.25000E+07  -  1.26000E+07
   567   1.26000E+07  -  1.27000E+07
   568   1.27000E+07  -  1.28000E+07
   569   1.28000E+07  -  1.29000E+07
   570   1.29000E+07  -  1.30000E+07
   571   1.30000E+07  -  1.31000E+07
   572   1.31000E+07  -  1.32000E+07
   573   1.32000E+07  -  1.33000E+07
   574   1.33000E+07  -  1.34000E+07
   575   1.34000E+07  -  1.35000E+07
   576   1.35000E+07  -  1.36000E+07
   577   1.36000E+07  -  1.37000E+07
   578   1.37000E+07  -  1.38000E+07
   579   1.38000E+07  -  1.39000E+07
   580   1.39000E+07  -  1.40000E+07
   581   1.40000E+07  -  1.41000E+07
   582   1.41000E+07  -  1.42000E+07
   583   1.42000E+07  -  1.43000E+07
   584   1.43000E+07  -  1.44000E+07
   585   1.44000E+07  -  1.45000E+07
   586   1.45000E+07  -  1.46000E+07
   587   1.46000E+07  -  1.47000E+07
   588   1.47000E+07  -  1.48000E+07
   589   1.48000E+07  -  1.49000E+07
   590   1.49000E+07  -  1.50000E+07
   591   1.50000E+07  -  1.51000E+07
   592   1.51000E+07  -  1.52000E+07
   593   1.52000E+07  -  1.53000E+07
   594   1.53000E+07  -  1.54000E+07
   595   1.54000E+07  -  1.55000E+07
   596   1.55000E+07  -  1.56000E+07
   597   1.56000E+07  -  1.57000E+07
   598   1.57000E+07  -  1.58000E+07
   599   1.58000E+07  -  1.59000E+07
   600   1.59000E+07  -  1.60000E+07
   601   1.60000E+07  -  1.61000E+07
   602   1.61000E+07  -  1.62000E+07
   603   1.62000E+07  -  1.63000E+07
   604   1.63000E+07  -  1.64000E+07
   605   1.64000E+07  -  1.65000E+07
   606   1.65000E+07  -  1.66000E+07
   607   1.66000E+07  -  1.67000E+07
   608   1.67000E+07  -  1.68000E+07
   609   1.68000E+07  -  1.69000E+07
   610   1.69000E+07  -  1.70000E+07
   611   1.70000E+07  -  1.71000E+07
   612   1.71000E+07  -  1.72000E+07
   613   1.72000E+07  -  1.73000E+07
   614   1.73000E+07  -  1.74000E+07
   615   1.74000E+07  -  1.75000E+07
   616   1.75000E+07  -  1.76000E+07
   617   1.76000E+07  -  1.77000E+07
   618   1.77000E+07  -  1.78000E+07
   619   1.78000E+07  -  1.79000E+07
   620   1.79000E+07  -  1.80000E+07
   621   1.80000E+07  -  1.81000E+07
   622   1.81000E+07  -  1.82000E+07
   623   1.82000E+07  -  1.83000E+07
   624   1.83000E+07  -  1.84000E+07
   625   1.84000E+07  -  1.85000E+07
   626   1.85000E+07  -  1.86000E+07
   627   1.86000E+07  -  1.87000E+07
   628   1.87000E+07  -  1.88000E+07
   629   1.88000E+07  -  1.89000E+07
   630   1.89000E+07  -  1.90000E+07
   631   1.90000E+07  -  1.91000E+07
   632   1.91000E+07  -  1.92000E+07
   633   1.92000E+07  -  1.93000E+07
   634   1.93000E+07  -  1.94000E+07
   635   1.94000E+07  -  1.95000E+07
   636   1.95000E+07  -  1.96000E+07
   637   1.96000E+07  -  1.97000E+07
   638   1.97000E+07  -  1.98000E+07
   639   1.98000E+07  -  1.99000E+07
   640   1.99000E+07  -  2.00000E+07

 weight function......thermal + 1/e + fission
 thermal breakpoint and temperature    1.0000E-01  2.5000E-02
 fission breakpoint and temperature    1.0000E+05  1.4000E+06

 using endf-6 format

 processing mat   2825
 --------------------------------------
  Ni58 IRDFF-II                                                       
 
 group constants at t=2.936E+02 deg k                                     1.8s
 for mf  3 and mt103 n,p                                                         
 
 enrgy  group constants at
 group  infinite dilution
 
   432    9.81364-8
   433    2.93950-7
   434    4.89769-7
   435    6.85591-7
   436    8.96436-7
   437    1.12227-6
   438    3.02779-6
   439    6.61006-6
   440    1.37477-5
   441    2.44359-5
   442    3.51243-5
   443    5.23120-5
   444    9.72772-5
   445    1.50524-4
   446    2.25545-4
   447    3.22370-4
   448    4.26046-4
   449    5.70911-4
   450    7.22658-4
   451    1.54524-3
   452    3.30538-3
   453    5.06170-3
   454    6.92949-3
   455    9.59190-3
   456    1.31254-2
   457    1.76393-2
   458    2.32519-2
   459    3.00718-2
   460    3.81847-2
   461    4.76436-2
   462    5.84607-2
   463    7.06029-2
   464    8.39924-2
   465    9.85120-2
   466    1.14012-1
   467    1.30322-1
   468    1.47262-1
   469    1.64707-1
   470    1.82389-1
   471    2.00072-1
   472    2.17754-1
   473    2.35437-1
   474    2.53119-1
   475    2.70477-1
   476    2.87502-1
   477    3.04206-1
   478    3.20581-1
   479    3.36610-1
   480    3.52283-1
   481    3.67511-1
   482    3.82283-1
   483    3.97055-1
   484    4.11283-1
   485    4.24952-1
   486    4.38621-1
   487    4.51722-1
   488    4.64238-1
   489    4.76755-1
   490    4.88664-1
   491    4.99948-1
   492    5.11234-1
   493    5.21868-1
   494    5.31831-1
   495    5.41795-1
   496    5.51072-1
   497    5.59641-1
   498    5.68210-1
   499    5.76076-1
   500    5.83216-1
   501    5.90357-1
   502    5.96805-1
   503    6.02537-1
   504    6.08269-1
   505    6.13346-1
   506    6.17744-1
   507    6.22143-1
   508    6.25947-1
   509    6.29136-1
   510    6.32324-1
   511    6.34922-1
   512    6.36907-1
   513    6.38893-1
   514    6.40878-1
   515    6.42332-1
   516    6.43234-1
   517    6.44136-1
   518    6.45038-1
   519    6.45601-1
   520    6.45809-1
   521    6.46017-1
   522    6.45929-1
   523    6.45531-1
   524    6.45133-1
   525    6.44736-1
   526    6.44338-1
   527    6.43941-1
   528    6.43543-1
   529    6.42896-1
   530    6.41987-1
   531    6.41077-1
   532    6.40168-1
   533    6.39258-1
   534    6.38349-1
   535    6.37439-1
   536    6.36530-1
   537    6.35621-1
   538    6.34711-1
   539    6.33538-1
   540    6.32085-1
   541    6.30631-1
   542    6.29177-1
   543    6.27723-1
   544    6.26269-1
   545    6.24454-1
   546    6.22252-1
   547    6.20050-1
   548    6.17848-1
   549    6.15173-1
   550    6.11993-1
   551    6.08812-1
   552    6.05632-1
   553    6.01901-1
   554    5.97582-1
   555    5.93262-1
   556    5.88381-1
   557    5.82898-1
   558    5.77416-1
   559    5.71324-1
   560    5.64581-1
   561    5.57837-1
   562    5.50484-1
   563    5.42477-1
   564    5.34471-1
   565    5.25844-1
   566    5.16750-1
   567    5.07514-1
   568    4.97984-1
   569    4.87895-1
   570    4.77805-1
   571    4.67344-1
   572    4.56485-1
   573    4.45626-1
   574    4.34767-1
   575    4.23908-1
   576    4.13049-1
   577    4.02190-1
   578    3.91331-1
   579    3.80473-1
   580    3.69614-1
   581    3.58755-1
   582    3.48186-1
   583    3.37928-1
   584    3.27670-1
   585    3.17739-1
   586    3.08159-1
   587    2.98578-1
   588    2.89374-1
   589    2.80574-1
   590    2.71774-1
   591    2.63304-1
   592    2.55189-1
   593    2.47338-1
   594    2.39772-1
   595    2.32466-1
   596    2.25439-1
   597    2.18663-1
   598    2.12155-1
   599    2.05887-1
   600    1.99875-1
   601    1.94088-1
   602    1.88543-1
   603    1.83208-1
   604    1.78099-1
   605    1.73186-1
   606    1.68482-1
   607    1.63959-1
   608    1.59631-1
   609    1.55468-1
   610    1.51483-1
   611    1.47650-1
   612    1.43981-1
   613    1.40484-1
   614    1.37171-1
   615    1.33857-1
   616    1.30726-1
   617    1.27791-1
   618    1.24856-1
   619    1.22079-1
   620    1.19472-1
   621    1.16865-1
   622    1.14396-1
   623    1.12074-1
   624    1.09752-1
   625    1.07550-1
   626    1.05476-1
   627    1.03402-1
   628    1.01432-1
   629    9.95740-2
   630    9.77158-2
   631    9.59480-2
   632    9.42771-2
   633    9.26062-2
   634    9.10142-2
   635    8.95067-2
   636    8.79993-2
   637    8.65713-2
   638    8.52285-2
   639    8.38857-2
   640    8.25428-2
 
                                                                          1.8s
 *****************************************************************************
