1*****************************************************************************
 *                                         *              *                  *
 *   $$   $$       $$   $$$$$   $$    $$   *              *  vers: 2021.04   *
 *   $$$  $$       $$  $$$$$$$   $$  $$    *  nuclear     *  vday: 22Sept21  *
 *   $$$$ $$       $$  $$   $$    $$$$     *  data        *  site: snl RES   *
 *   $$ $$$$  $$   $$  $$   $$     $$      *  processing  *  mach:           *
 *   $$  $$$  $$$$$$$  $$$$$$$     $$      *  system      *  date: 07/22/22  *
 *   $$   $$   $$$$$    $$$$$      $$      *              *  time: 11:35:01  *
 *                                         *              *                  *
 *****************************************************************************

Run Title:: Enh: S32(n,p) IRDFF-II cross section processing (no broadr)                     

Enhanced control logic inputs:

    imode:   0 0 0
    icntrl:  0 0 0 0 0 0 0 0 0 0

icntrl(1) control logic flag set for NJOY default (spKP-DE):   0
icntrl(10) control logic flag set for damage energy:   0

 moder...change the mode of an endf tape or njoy output tape              0.0s

 input unit (+ for coded, - for bb) ...         20
 output unit (+ for coded, - for bb) ..        -21

 tape label
 --------------------------------------
  IRDFF-II master library in ENDF-6 format at 293.6 K                 

 using endf-6 format
                                                                          2.2s
 *****************************************************************************

 reconr...reconstruct pointwise cross sections in pendf format            2.2s

 unit for endf tape ...................        -21
 unit for pendf tape ..................        -22

 label for pendf tape
 ------------------------------------------------------------------
 processing of S32p of IRDFF-II                                      

 tape label
 ------------------------------------------------------------------
 IRDFF-II master library in ENDF-6 format at 293.6 K                 

 material to be processed .............       1625
 reconstruction tolerance .............      0.001
 reconstruction temperature ...........     293.60k
 resonance-integral-check tolerance ...      0.010
 max resonance-integral error .........  5.000E-08

 descriptive cards for pendf tape
 ------------------------------------------------------------------
 S32 IRDFF-II                                                        
 PROCESSED BY THE NJOY-2016 NUCLEAR DATA PROCESSING SYSTEM           
 SEE ORIGINAL TAPE FOR DETAILS OF EVALUATION                         
 

 processing mat 1625 in endf-6 format
 ------------------------------------------------------------------
  16-S - 32 FEI        EVAL-Nov07 K.I.Zolotarev                      


 mat has no resonance parameters

 changed threshold from 9.575410E+05 to 9.575864E+05 for mt103.

 number of user and resonance nodes           =       0
 points in initial unionized grid             =     262
 points added by linearization                =       2                   2.2s
 number of points in final unionized grid     =     264
                                                                          2.2s
 *****************************************************************************

 groupr...compute self-shielded group-averaged cross-sections             2.2s

 unit for endf tape ...................        -21
 unit for pendf tape ..................        -22
 unit for input gout tape .............          0
 unit for output gout tape ............         25
 mat to be processed ..................       1625
 neutron group structure option .......         15
 gamma group option ...................          0
 weight function option ...............          4
 legendre order .......................          0
 print option (0 min, 1 max) ..........          1
 smoothing option (0 off, 1 on) .......          1

 run title
 --------------------------------------
      groupr: 640-group SAND-II                                         
 
 temperatures (kelvin) ................   2.94E+02
 sigma zeroes .........................   infinity

 neutron group structure......sand-iia 640-group
     1   1.00000E-04  -  1.05000E-04
     2   1.05000E-04  -  1.10000E-04
     3   1.10000E-04  -  1.15000E-04
     4   1.15000E-04  -  1.20000E-04
     5   1.20000E-04  -  1.27500E-04
     6   1.27500E-04  -  1.35000E-04
     7   1.35000E-04  -  1.42500E-04
     8   1.42500E-04  -  1.50000E-04
     9   1.50000E-04  -  1.60000E-04
    10   1.60000E-04  -  1.70000E-04
    11   1.70000E-04  -  1.80000E-04
    12   1.80000E-04  -  1.90000E-04
    13   1.90000E-04  -  2.00000E-04
    14   2.00000E-04  -  2.10000E-04
    15   2.10000E-04  -  2.20000E-04
    16   2.20000E-04  -  2.30000E-04
    17   2.30000E-04  -  2.40000E-04
    18   2.40000E-04  -  2.55000E-04
    19   2.55000E-04  -  2.70000E-04
    20   2.70000E-04  -  2.80000E-04
    21   2.80000E-04  -  3.00000E-04
    22   3.00000E-04  -  3.20000E-04
    23   3.20000E-04  -  3.40000E-04
    24   3.40000E-04  -  3.60000E-04
    25   3.60000E-04  -  3.80000E-04
    26   3.80000E-04  -  4.00000E-04
    27   4.00000E-04  -  4.25000E-04
    28   4.25000E-04  -  4.50000E-04
    29   4.50000E-04  -  4.75000E-04
    30   4.75000E-04  -  5.00000E-04
    31   5.00000E-04  -  5.25000E-04
    32   5.25000E-04  -  5.50000E-04
    33   5.50000E-04  -  5.75000E-04
    34   5.75000E-04  -  6.00000E-04
    35   6.00000E-04  -  6.30000E-04
    36   6.30000E-04  -  6.60000E-04
    37   6.60000E-04  -  6.90000E-04
    38   6.90000E-04  -  7.20000E-04
    39   7.20000E-04  -  7.60000E-04
    40   7.60000E-04  -  8.00000E-04
    41   8.00000E-04  -  8.40000E-04
    42   8.40000E-04  -  8.80000E-04
    43   8.80000E-04  -  9.20000E-04
    44   9.20000E-04  -  9.60000E-04
    45   9.60000E-04  -  1.00000E-03
    46   1.00000E-03  -  1.05000E-03
    47   1.05000E-03  -  1.10000E-03
    48   1.10000E-03  -  1.15000E-03
    49   1.15000E-03  -  1.20000E-03
    50   1.20000E-03  -  1.27500E-03
    51   1.27500E-03  -  1.35000E-03
    52   1.35000E-03  -  1.42500E-03
    53   1.42500E-03  -  1.50000E-03
    54   1.50000E-03  -  1.60000E-03
    55   1.60000E-03  -  1.70000E-03
    56   1.70000E-03  -  1.80000E-03
    57   1.80000E-03  -  1.90000E-03
    58   1.90000E-03  -  2.00000E-03
    59   2.00000E-03  -  2.10000E-03
    60   2.10000E-03  -  2.20000E-03
    61   2.20000E-03  -  2.30000E-03
    62   2.30000E-03  -  2.40000E-03
    63   2.40000E-03  -  2.55000E-03
    64   2.55000E-03  -  2.70000E-03
    65   2.70000E-03  -  2.80000E-03
    66   2.80000E-03  -  3.00000E-03
    67   3.00000E-03  -  3.20000E-03
    68   3.20000E-03  -  3.40000E-03
    69   3.40000E-03  -  3.60000E-03
    70   3.60000E-03  -  3.80000E-03
    71   3.80000E-03  -  4.00000E-03
    72   4.00000E-03  -  4.25000E-03
    73   4.25000E-03  -  4.50000E-03
    74   4.50000E-03  -  4.75000E-03
    75   4.75000E-03  -  5.00000E-03
    76   5.00000E-03  -  5.25000E-03
    77   5.25000E-03  -  5.50000E-03
    78   5.50000E-03  -  5.75000E-03
    79   5.75000E-03  -  6.00000E-03
    80   6.00000E-03  -  6.30000E-03
    81   6.30000E-03  -  6.60000E-03
    82   6.60000E-03  -  6.90000E-03
    83   6.90000E-03  -  7.20000E-03
    84   7.20000E-03  -  7.60000E-03
    85   7.60000E-03  -  8.00000E-03
    86   8.00000E-03  -  8.40000E-03
    87   8.40000E-03  -  8.80000E-03
    88   8.80000E-03  -  9.20000E-03
    89   9.20000E-03  -  9.60000E-03
    90   9.60000E-03  -  1.00000E-02
    91   1.00000E-02  -  1.05000E-02
    92   1.05000E-02  -  1.10000E-02
    93   1.10000E-02  -  1.15000E-02
    94   1.15000E-02  -  1.20000E-02
    95   1.20000E-02  -  1.27500E-02
    96   1.27500E-02  -  1.35000E-02
    97   1.35000E-02  -  1.42500E-02
    98   1.42500E-02  -  1.50000E-02
    99   1.50000E-02  -  1.60000E-02
   100   1.60000E-02  -  1.70000E-02
   101   1.70000E-02  -  1.80000E-02
   102   1.80000E-02  -  1.90000E-02
   103   1.90000E-02  -  2.00000E-02
   104   2.00000E-02  -  2.10000E-02
   105   2.10000E-02  -  2.20000E-02
   106   2.20000E-02  -  2.30000E-02
   107   2.30000E-02  -  2.40000E-02
   108   2.40000E-02  -  2.55000E-02
   109   2.55000E-02  -  2.70000E-02
   110   2.70000E-02  -  2.80000E-02
   111   2.80000E-02  -  3.00000E-02
   112   3.00000E-02  -  3.20000E-02
   113   3.20000E-02  -  3.40000E-02
   114   3.40000E-02  -  3.60000E-02
   115   3.60000E-02  -  3.80000E-02
   116   3.80000E-02  -  4.00000E-02
   117   4.00000E-02  -  4.25000E-02
   118   4.25000E-02  -  4.50000E-02
   119   4.50000E-02  -  4.75000E-02
   120   4.75000E-02  -  5.00000E-02
   121   5.00000E-02  -  5.25000E-02
   122   5.25000E-02  -  5.50000E-02
   123   5.50000E-02  -  5.75000E-02
   124   5.75000E-02  -  6.00000E-02
   125   6.00000E-02  -  6.30000E-02
   126   6.30000E-02  -  6.60000E-02
   127   6.60000E-02  -  6.90000E-02
   128   6.90000E-02  -  7.20000E-02
   129   7.20000E-02  -  7.60000E-02
   130   7.60000E-02  -  8.00000E-02
   131   8.00000E-02  -  8.40000E-02
   132   8.40000E-02  -  8.80000E-02
   133   8.80000E-02  -  9.20000E-02
   134   9.20000E-02  -  9.60000E-02
   135   9.60000E-02  -  1.00000E-01
   136   1.00000E-01  -  1.05000E-01
   137   1.05000E-01  -  1.10000E-01
   138   1.10000E-01  -  1.15000E-01
   139   1.15000E-01  -  1.20000E-01
   140   1.20000E-01  -  1.27500E-01
   141   1.27500E-01  -  1.35000E-01
   142   1.35000E-01  -  1.42500E-01
   143   1.42500E-01  -  1.50000E-01
   144   1.50000E-01  -  1.60000E-01
   145   1.60000E-01  -  1.70000E-01
   146   1.70000E-01  -  1.80000E-01
   147   1.80000E-01  -  1.90000E-01
   148   1.90000E-01  -  2.00000E-01
   149   2.00000E-01  -  2.10000E-01
   150   2.10000E-01  -  2.20000E-01
   151   2.20000E-01  -  2.30000E-01
   152   2.30000E-01  -  2.40000E-01
   153   2.40000E-01  -  2.55000E-01
   154   2.55000E-01  -  2.70000E-01
   155   2.70000E-01  -  2.80000E-01
   156   2.80000E-01  -  3.00000E-01
   157   3.00000E-01  -  3.20000E-01
   158   3.20000E-01  -  3.40000E-01
   159   3.40000E-01  -  3.60000E-01
   160   3.60000E-01  -  3.80000E-01
   161   3.80000E-01  -  4.00000E-01
   162   4.00000E-01  -  4.25000E-01
   163   4.25000E-01  -  4.50000E-01
   164   4.50000E-01  -  4.75000E-01
   165   4.75000E-01  -  5.00000E-01
   166   5.00000E-01  -  5.25000E-01
   167   5.25000E-01  -  5.50000E-01
   168   5.50000E-01  -  5.75000E-01
   169   5.75000E-01  -  6.00000E-01
   170   6.00000E-01  -  6.30000E-01
   171   6.30000E-01  -  6.60000E-01
   172   6.60000E-01  -  6.90000E-01
   173   6.90000E-01  -  7.20000E-01
   174   7.20000E-01  -  7.60000E-01
   175   7.60000E-01  -  8.00000E-01
   176   8.00000E-01  -  8.40000E-01
   177   8.40000E-01  -  8.80000E-01
   178   8.80000E-01  -  9.20000E-01
   179   9.20000E-01  -  9.60000E-01
   180   9.60000E-01  -  1.00000E+00
   181   1.00000E+00  -  1.05000E+00
   182   1.05000E+00  -  1.10000E+00
   183   1.10000E+00  -  1.15000E+00
   184   1.15000E+00  -  1.20000E+00
   185   1.20000E+00  -  1.27500E+00
   186   1.27500E+00  -  1.35000E+00
   187   1.35000E+00  -  1.42500E+00
   188   1.42500E+00  -  1.50000E+00
   189   1.50000E+00  -  1.60000E+00
   190   1.60000E+00  -  1.70000E+00
   191   1.70000E+00  -  1.80000E+00
   192   1.80000E+00  -  1.90000E+00
   193   1.90000E+00  -  2.00000E+00
   194   2.00000E+00  -  2.10000E+00
   195   2.10000E+00  -  2.20000E+00
   196   2.20000E+00  -  2.30000E+00
   197   2.30000E+00  -  2.40000E+00
   198   2.40000E+00  -  2.55000E+00
   199   2.55000E+00  -  2.70000E+00
   200   2.70000E+00  -  2.80000E+00
   201   2.80000E+00  -  3.00000E+00
   202   3.00000E+00  -  3.20000E+00
   203   3.20000E+00  -  3.40000E+00
   204   3.40000E+00  -  3.60000E+00
   205   3.60000E+00  -  3.80000E+00
   206   3.80000E+00  -  4.00000E+00
   207   4.00000E+00  -  4.25000E+00
   208   4.25000E+00  -  4.50000E+00
   209   4.50000E+00  -  4.75000E+00
   210   4.75000E+00  -  5.00000E+00
   211   5.00000E+00  -  5.25000E+00
   212   5.25000E+00  -  5.50000E+00
   213   5.50000E+00  -  5.75000E+00
   214   5.75000E+00  -  6.00000E+00
   215   6.00000E+00  -  6.30000E+00
   216   6.30000E+00  -  6.60000E+00
   217   6.60000E+00  -  6.90000E+00
   218   6.90000E+00  -  7.20000E+00
   219   7.20000E+00  -  7.60000E+00
   220   7.60000E+00  -  8.00000E+00
   221   8.00000E+00  -  8.40000E+00
   222   8.40000E+00  -  8.80000E+00
   223   8.80000E+00  -  9.20000E+00
   224   9.20000E+00  -  9.60000E+00
   225   9.60000E+00  -  1.00000E+01
   226   1.00000E+01  -  1.05000E+01
   227   1.05000E+01  -  1.10000E+01
   228   1.10000E+01  -  1.15000E+01
   229   1.15000E+01  -  1.20000E+01
   230   1.20000E+01  -  1.27500E+01
   231   1.27500E+01  -  1.35000E+01
   232   1.35000E+01  -  1.42500E+01
   233   1.42500E+01  -  1.50000E+01
   234   1.50000E+01  -  1.60000E+01
   235   1.60000E+01  -  1.70000E+01
   236   1.70000E+01  -  1.80000E+01
   237   1.80000E+01  -  1.90000E+01
   238   1.90000E+01  -  2.00000E+01
   239   2.00000E+01  -  2.10000E+01
   240   2.10000E+01  -  2.20000E+01
   241   2.20000E+01  -  2.30000E+01
   242   2.30000E+01  -  2.40000E+01
   243   2.40000E+01  -  2.55000E+01
   244   2.55000E+01  -  2.70000E+01
   245   2.70000E+01  -  2.80000E+01
   246   2.80000E+01  -  3.00000E+01
   247   3.00000E+01  -  3.20000E+01
   248   3.20000E+01  -  3.40000E+01
   249   3.40000E+01  -  3.60000E+01
   250   3.60000E+01  -  3.80000E+01
   251   3.80000E+01  -  4.00000E+01
   252   4.00000E+01  -  4.25000E+01
   253   4.25000E+01  -  4.50000E+01
   254   4.50000E+01  -  4.75000E+01
   255   4.75000E+01  -  5.00000E+01
   256   5.00000E+01  -  5.25000E+01
   257   5.25000E+01  -  5.50000E+01
   258   5.50000E+01  -  5.75000E+01
   259   5.75000E+01  -  6.00000E+01
   260   6.00000E+01  -  6.30000E+01
   261   6.30000E+01  -  6.60000E+01
   262   6.60000E+01  -  6.90000E+01
   263   6.90000E+01  -  7.20000E+01
   264   7.20000E+01  -  7.60000E+01
   265   7.60000E+01  -  8.00000E+01
   266   8.00000E+01  -  8.40000E+01
   267   8.40000E+01  -  8.80000E+01
   268   8.80000E+01  -  9.20000E+01
   269   9.20000E+01  -  9.60000E+01
   270   9.60000E+01  -  1.00000E+02
   271   1.00000E+02  -  1.05000E+02
   272   1.05000E+02  -  1.10000E+02
   273   1.10000E+02  -  1.15000E+02
   274   1.15000E+02  -  1.20000E+02
   275   1.20000E+02  -  1.27500E+02
   276   1.27500E+02  -  1.35000E+02
   277   1.35000E+02  -  1.42500E+02
   278   1.42500E+02  -  1.50000E+02
   279   1.50000E+02  -  1.60000E+02
   280   1.60000E+02  -  1.70000E+02
   281   1.70000E+02  -  1.80000E+02
   282   1.80000E+02  -  1.90000E+02
   283   1.90000E+02  -  2.00000E+02
   284   2.00000E+02  -  2.10000E+02
   285   2.10000E+02  -  2.20000E+02
   286   2.20000E+02  -  2.30000E+02
   287   2.30000E+02  -  2.40000E+02
   288   2.40000E+02  -  2.55000E+02
   289   2.55000E+02  -  2.70000E+02
   290   2.70000E+02  -  2.80000E+02
   291   2.80000E+02  -  3.00000E+02
   292   3.00000E+02  -  3.20000E+02
   293   3.20000E+02  -  3.40000E+02
   294   3.40000E+02  -  3.60000E+02
   295   3.60000E+02  -  3.80000E+02
   296   3.80000E+02  -  4.00000E+02
   297   4.00000E+02  -  4.25000E+02
   298   4.25000E+02  -  4.50000E+02
   299   4.50000E+02  -  4.75000E+02
   300   4.75000E+02  -  5.00000E+02
   301   5.00000E+02  -  5.25000E+02
   302   5.25000E+02  -  5.50000E+02
   303   5.50000E+02  -  5.75000E+02
   304   5.75000E+02  -  6.00000E+02
   305   6.00000E+02  -  6.30000E+02
   306   6.30000E+02  -  6.60000E+02
   307   6.60000E+02  -  6.90000E+02
   308   6.90000E+02  -  7.20000E+02
   309   7.20000E+02  -  7.60000E+02
   310   7.60000E+02  -  8.00000E+02
   311   8.00000E+02  -  8.40000E+02
   312   8.40000E+02  -  8.80000E+02
   313   8.80000E+02  -  9.20000E+02
   314   9.20000E+02  -  9.60000E+02
   315   9.60000E+02  -  1.00000E+03
   316   1.00000E+03  -  1.05000E+03
   317   1.05000E+03  -  1.10000E+03
   318   1.10000E+03  -  1.15000E+03
   319   1.15000E+03  -  1.20000E+03
   320   1.20000E+03  -  1.27500E+03
   321   1.27500E+03  -  1.35000E+03
   322   1.35000E+03  -  1.42500E+03
   323   1.42500E+03  -  1.50000E+03
   324   1.50000E+03  -  1.60000E+03
   325   1.60000E+03  -  1.70000E+03
   326   1.70000E+03  -  1.80000E+03
   327   1.80000E+03  -  1.90000E+03
   328   1.90000E+03  -  2.00000E+03
   329   2.00000E+03  -  2.10000E+03
   330   2.10000E+03  -  2.20000E+03
   331   2.20000E+03  -  2.30000E+03
   332   2.30000E+03  -  2.40000E+03
   333   2.40000E+03  -  2.55000E+03
   334   2.55000E+03  -  2.70000E+03
   335   2.70000E+03  -  2.80000E+03
   336   2.80000E+03  -  3.00000E+03
   337   3.00000E+03  -  3.20000E+03
   338   3.20000E+03  -  3.40000E+03
   339   3.40000E+03  -  3.60000E+03
   340   3.60000E+03  -  3.80000E+03
   341   3.80000E+03  -  4.00000E+03
   342   4.00000E+03  -  4.25000E+03
   343   4.25000E+03  -  4.50000E+03
   344   4.50000E+03  -  4.75000E+03
   345   4.75000E+03  -  5.00000E+03
   346   5.00000E+03  -  5.25000E+03
   347   5.25000E+03  -  5.50000E+03
   348   5.50000E+03  -  5.75000E+03
   349   5.75000E+03  -  6.00000E+03
   350   6.00000E+03  -  6.30000E+03
   351   6.30000E+03  -  6.60000E+03
   352   6.60000E+03  -  6.90000E+03
   353   6.90000E+03  -  7.20000E+03
   354   7.20000E+03  -  7.60000E+03
   355   7.60000E+03  -  8.00000E+03
   356   8.00000E+03  -  8.40000E+03
   357   8.40000E+03  -  8.80000E+03
   358   8.80000E+03  -  9.20000E+03
   359   9.20000E+03  -  9.60000E+03
   360   9.60000E+03  -  1.00000E+04
   361   1.00000E+04  -  1.05000E+04
   362   1.05000E+04  -  1.10000E+04
   363   1.10000E+04  -  1.15000E+04
   364   1.15000E+04  -  1.20000E+04
   365   1.20000E+04  -  1.27500E+04
   366   1.27500E+04  -  1.35000E+04
   367   1.35000E+04  -  1.42500E+04
   368   1.42500E+04  -  1.50000E+04
   369   1.50000E+04  -  1.60000E+04
   370   1.60000E+04  -  1.70000E+04
   371   1.70000E+04  -  1.80000E+04
   372   1.80000E+04  -  1.90000E+04
   373   1.90000E+04  -  2.00000E+04
   374   2.00000E+04  -  2.10000E+04
   375   2.10000E+04  -  2.20000E+04
   376   2.20000E+04  -  2.30000E+04
   377   2.30000E+04  -  2.40000E+04
   378   2.40000E+04  -  2.55000E+04
   379   2.55000E+04  -  2.70000E+04
   380   2.70000E+04  -  2.80000E+04
   381   2.80000E+04  -  3.00000E+04
   382   3.00000E+04  -  3.20000E+04
   383   3.20000E+04  -  3.40000E+04
   384   3.40000E+04  -  3.60000E+04
   385   3.60000E+04  -  3.80000E+04
   386   3.80000E+04  -  4.00000E+04
   387   4.00000E+04  -  4.25000E+04
   388   4.25000E+04  -  4.50000E+04
   389   4.50000E+04  -  4.75000E+04
   390   4.75000E+04  -  5.00000E+04
   391   5.00000E+04  -  5.25000E+04
   392   5.25000E+04  -  5.50000E+04
   393   5.50000E+04  -  5.75000E+04
   394   5.75000E+04  -  6.00000E+04
   395   6.00000E+04  -  6.30000E+04
   396   6.30000E+04  -  6.60000E+04
   397   6.60000E+04  -  6.90000E+04
   398   6.90000E+04  -  7.20000E+04
   399   7.20000E+04  -  7.60000E+04
   400   7.60000E+04  -  8.00000E+04
   401   8.00000E+04  -  8.40000E+04
   402   8.40000E+04  -  8.80000E+04
   403   8.80000E+04  -  9.20000E+04
   404   9.20000E+04  -  9.60000E+04
   405   9.60000E+04  -  1.00000E+05
   406   1.00000E+05  -  1.05000E+05
   407   1.05000E+05  -  1.10000E+05
   408   1.10000E+05  -  1.15000E+05
   409   1.15000E+05  -  1.20000E+05
   410   1.20000E+05  -  1.27500E+05
   411   1.27500E+05  -  1.35000E+05
   412   1.35000E+05  -  1.42500E+05
   413   1.42500E+05  -  1.50000E+05
   414   1.50000E+05  -  1.60000E+05
   415   1.60000E+05  -  1.70000E+05
   416   1.70000E+05  -  1.80000E+05
   417   1.80000E+05  -  1.90000E+05
   418   1.90000E+05  -  2.00000E+05
   419   2.00000E+05  -  2.10000E+05
   420   2.10000E+05  -  2.20000E+05
   421   2.20000E+05  -  2.30000E+05
   422   2.30000E+05  -  2.40000E+05
   423   2.40000E+05  -  2.55000E+05
   424   2.55000E+05  -  2.70000E+05
   425   2.70000E+05  -  2.80000E+05
   426   2.80000E+05  -  3.00000E+05
   427   3.00000E+05  -  3.20000E+05
   428   3.20000E+05  -  3.40000E+05
   429   3.40000E+05  -  3.60000E+05
   430   3.60000E+05  -  3.80000E+05
   431   3.80000E+05  -  4.00000E+05
   432   4.00000E+05  -  4.25000E+05
   433   4.25000E+05  -  4.50000E+05
   434   4.50000E+05  -  4.75000E+05
   435   4.75000E+05  -  5.00000E+05
   436   5.00000E+05  -  5.25000E+05
   437   5.25000E+05  -  5.50000E+05
   438   5.50000E+05  -  5.75000E+05
   439   5.75000E+05  -  6.00000E+05
   440   6.00000E+05  -  6.30000E+05
   441   6.30000E+05  -  6.60000E+05
   442   6.60000E+05  -  6.90000E+05
   443   6.90000E+05  -  7.20000E+05
   444   7.20000E+05  -  7.60000E+05
   445   7.60000E+05  -  8.00000E+05
   446   8.00000E+05  -  8.40000E+05
   447   8.40000E+05  -  8.80000E+05
   448   8.80000E+05  -  9.20000E+05
   449   9.20000E+05  -  9.60000E+05
   450   9.60000E+05  -  1.00000E+06
   451   1.00000E+06  -  1.10000E+06
   452   1.10000E+06  -  1.20000E+06
   453   1.20000E+06  -  1.30000E+06
   454   1.30000E+06  -  1.40000E+06
   455   1.40000E+06  -  1.50000E+06
   456   1.50000E+06  -  1.60000E+06
   457   1.60000E+06  -  1.70000E+06
   458   1.70000E+06  -  1.80000E+06
   459   1.80000E+06  -  1.90000E+06
   460   1.90000E+06  -  2.00000E+06
   461   2.00000E+06  -  2.10000E+06
   462   2.10000E+06  -  2.20000E+06
   463   2.20000E+06  -  2.30000E+06
   464   2.30000E+06  -  2.40000E+06
   465   2.40000E+06  -  2.50000E+06
   466   2.50000E+06  -  2.60000E+06
   467   2.60000E+06  -  2.70000E+06
   468   2.70000E+06  -  2.80000E+06
   469   2.80000E+06  -  2.90000E+06
   470   2.90000E+06  -  3.00000E+06
   471   3.00000E+06  -  3.10000E+06
   472   3.10000E+06  -  3.20000E+06
   473   3.20000E+06  -  3.30000E+06
   474   3.30000E+06  -  3.40000E+06
   475   3.40000E+06  -  3.50000E+06
   476   3.50000E+06  -  3.60000E+06
   477   3.60000E+06  -  3.70000E+06
   478   3.70000E+06  -  3.80000E+06
   479   3.80000E+06  -  3.90000E+06
   480   3.90000E+06  -  4.00000E+06
   481   4.00000E+06  -  4.10000E+06
   482   4.10000E+06  -  4.20000E+06
   483   4.20000E+06  -  4.30000E+06
   484   4.30000E+06  -  4.40000E+06
   485   4.40000E+06  -  4.50000E+06
   486   4.50000E+06  -  4.60000E+06
   487   4.60000E+06  -  4.70000E+06
   488   4.70000E+06  -  4.80000E+06
   489   4.80000E+06  -  4.90000E+06
   490   4.90000E+06  -  5.00000E+06
   491   5.00000E+06  -  5.10000E+06
   492   5.10000E+06  -  5.20000E+06
   493   5.20000E+06  -  5.30000E+06
   494   5.30000E+06  -  5.40000E+06
   495   5.40000E+06  -  5.50000E+06
   496   5.50000E+06  -  5.60000E+06
   497   5.60000E+06  -  5.70000E+06
   498   5.70000E+06  -  5.80000E+06
   499   5.80000E+06  -  5.90000E+06
   500   5.90000E+06  -  6.00000E+06
   501   6.00000E+06  -  6.10000E+06
   502   6.10000E+06  -  6.20000E+06
   503   6.20000E+06  -  6.30000E+06
   504   6.30000E+06  -  6.40000E+06
   505   6.40000E+06  -  6.50000E+06
   506   6.50000E+06  -  6.60000E+06
   507   6.60000E+06  -  6.70000E+06
   508   6.70000E+06  -  6.80000E+06
   509   6.80000E+06  -  6.90000E+06
   510   6.90000E+06  -  7.00000E+06
   511   7.00000E+06  -  7.10000E+06
   512   7.10000E+06  -  7.20000E+06
   513   7.20000E+06  -  7.30000E+06
   514   7.30000E+06  -  7.40000E+06
   515   7.40000E+06  -  7.50000E+06
   516   7.50000E+06  -  7.60000E+06
   517   7.60000E+06  -  7.70000E+06
   518   7.70000E+06  -  7.80000E+06
   519   7.80000E+06  -  7.90000E+06
   520   7.90000E+06  -  8.00000E+06
   521   8.00000E+06  -  8.10000E+06
   522   8.10000E+06  -  8.20000E+06
   523   8.20000E+06  -  8.30000E+06
   524   8.30000E+06  -  8.40000E+06
   525   8.40000E+06  -  8.50000E+06
   526   8.50000E+06  -  8.60000E+06
   527   8.60000E+06  -  8.70000E+06
   528   8.70000E+06  -  8.80000E+06
   529   8.80000E+06  -  8.90000E+06
   530   8.90000E+06  -  9.00000E+06
   531   9.00000E+06  -  9.10000E+06
   532   9.10000E+06  -  9.20000E+06
   533   9.20000E+06  -  9.30000E+06
   534   9.30000E+06  -  9.40000E+06
   535   9.40000E+06  -  9.50000E+06
   536   9.50000E+06  -  9.60000E+06
   537   9.60000E+06  -  9.70000E+06
   538   9.70000E+06  -  9.80000E+06
   539   9.80000E+06  -  9.90000E+06
   540   9.90000E+06  -  1.00000E+07
   541   1.00000E+07  -  1.01000E+07
   542   1.01000E+07  -  1.02000E+07
   543   1.02000E+07  -  1.03000E+07
   544   1.03000E+07  -  1.04000E+07
   545   1.04000E+07  -  1.05000E+07
   546   1.05000E+07  -  1.06000E+07
   547   1.06000E+07  -  1.07000E+07
   548   1.07000E+07  -  1.08000E+07
   549   1.08000E+07  -  1.09000E+07
   550   1.09000E+07  -  1.10000E+07
   551   1.10000E+07  -  1.11000E+07
   552   1.11000E+07  -  1.12000E+07
   553   1.12000E+07  -  1.13000E+07
   554   1.13000E+07  -  1.14000E+07
   555   1.14000E+07  -  1.15000E+07
   556   1.15000E+07  -  1.16000E+07
   557   1.16000E+07  -  1.17000E+07
   558   1.17000E+07  -  1.18000E+07
   559   1.18000E+07  -  1.19000E+07
   560   1.19000E+07  -  1.20000E+07
   561   1.20000E+07  -  1.21000E+07
   562   1.21000E+07  -  1.22000E+07
   563   1.22000E+07  -  1.23000E+07
   564   1.23000E+07  -  1.24000E+07
   565   1.24000E+07  -  1.25000E+07
   566   1.25000E+07  -  1.26000E+07
   567   1.26000E+07  -  1.27000E+07
   568   1.27000E+07  -  1.28000E+07
   569   1.28000E+07  -  1.29000E+07
   570   1.29000E+07  -  1.30000E+07
   571   1.30000E+07  -  1.31000E+07
   572   1.31000E+07  -  1.32000E+07
   573   1.32000E+07  -  1.33000E+07
   574   1.33000E+07  -  1.34000E+07
   575   1.34000E+07  -  1.35000E+07
   576   1.35000E+07  -  1.36000E+07
   577   1.36000E+07  -  1.37000E+07
   578   1.37000E+07  -  1.38000E+07
   579   1.38000E+07  -  1.39000E+07
   580   1.39000E+07  -  1.40000E+07
   581   1.40000E+07  -  1.41000E+07
   582   1.41000E+07  -  1.42000E+07
   583   1.42000E+07  -  1.43000E+07
   584   1.43000E+07  -  1.44000E+07
   585   1.44000E+07  -  1.45000E+07
   586   1.45000E+07  -  1.46000E+07
   587   1.46000E+07  -  1.47000E+07
   588   1.47000E+07  -  1.48000E+07
   589   1.48000E+07  -  1.49000E+07
   590   1.49000E+07  -  1.50000E+07
   591   1.50000E+07  -  1.51000E+07
   592   1.51000E+07  -  1.52000E+07
   593   1.52000E+07  -  1.53000E+07
   594   1.53000E+07  -  1.54000E+07
   595   1.54000E+07  -  1.55000E+07
   596   1.55000E+07  -  1.56000E+07
   597   1.56000E+07  -  1.57000E+07
   598   1.57000E+07  -  1.58000E+07
   599   1.58000E+07  -  1.59000E+07
   600   1.59000E+07  -  1.60000E+07
   601   1.60000E+07  -  1.61000E+07
   602   1.61000E+07  -  1.62000E+07
   603   1.62000E+07  -  1.63000E+07
   604   1.63000E+07  -  1.64000E+07
   605   1.64000E+07  -  1.65000E+07
   606   1.65000E+07  -  1.66000E+07
   607   1.66000E+07  -  1.67000E+07
   608   1.67000E+07  -  1.68000E+07
   609   1.68000E+07  -  1.69000E+07
   610   1.69000E+07  -  1.70000E+07
   611   1.70000E+07  -  1.71000E+07
   612   1.71000E+07  -  1.72000E+07
   613   1.72000E+07  -  1.73000E+07
   614   1.73000E+07  -  1.74000E+07
   615   1.74000E+07  -  1.75000E+07
   616   1.75000E+07  -  1.76000E+07
   617   1.76000E+07  -  1.77000E+07
   618   1.77000E+07  -  1.78000E+07
   619   1.78000E+07  -  1.79000E+07
   620   1.79000E+07  -  1.80000E+07
   621   1.80000E+07  -  1.81000E+07
   622   1.81000E+07  -  1.82000E+07
   623   1.82000E+07  -  1.83000E+07
   624   1.83000E+07  -  1.84000E+07
   625   1.84000E+07  -  1.85000E+07
   626   1.85000E+07  -  1.86000E+07
   627   1.86000E+07  -  1.87000E+07
   628   1.87000E+07  -  1.88000E+07
   629   1.88000E+07  -  1.89000E+07
   630   1.89000E+07  -  1.90000E+07
   631   1.90000E+07  -  1.91000E+07
   632   1.91000E+07  -  1.92000E+07
   633   1.92000E+07  -  1.93000E+07
   634   1.93000E+07  -  1.94000E+07
   635   1.94000E+07  -  1.95000E+07
   636   1.95000E+07  -  1.96000E+07
   637   1.96000E+07  -  1.97000E+07
   638   1.97000E+07  -  1.98000E+07
   639   1.98000E+07  -  1.99000E+07
   640   1.99000E+07  -  2.00000E+07

 weight function......thermal + 1/e + fission
 thermal breakpoint and temperature    1.0000E-01  2.5000E-02
 fission breakpoint and temperature    1.0000E+05  1.4000E+06

 using endf-6 format

 processing mat   1625
 --------------------------------------
  S32 IRDFF-II                                                        
 
 group constants at t=2.936E+02 deg k                                     2.2s
 for mf  3 and mt  1 (n,total) cross section                                     
 
 enrgy  group constants at
 group  infinite dilution
 
   449    8.7039-11
  flx   6.73024-1
   450    2.69078-8
  flx   6.67840-1
   451    1.10850-7
  flx   1.64370+0
   452    2.31019-7
  flx   1.60167+0
   453    3.89271-6
  flx   1.55479+0
   454    3.17495-5
  flx   1.50444+0
   455    1.50768-4
  flx   1.45171+0
   456    4.98260-4
  flx   1.39750+0
   457    1.40640-3
  flx   1.34250+0
   458    3.09411-3
  flx   1.28729+0
   459    6.24345-3
  flx   1.23233+0
   460    1.21304-2
  flx   1.17800+0
   461    2.91915-2
  flx   1.12457+0
   462    4.51442-2
  flx   1.07229+0
   463    5.93182-2
  flx   1.02133+0
   464    9.52020-2
  flx   9.71833-1
   465    8.49597-2
  flx   9.23897-1
   466    8.49734-2
  flx   8.77592-1
   467    6.86261-2
  flx   8.32965-1
   468    1.08460-1
  flx   7.90042-1
   469    1.06283-1
  flx   7.48840-1
   470    1.23286-1
  flx   7.09347-1
   471    1.73139-1
  flx   6.71549-1
   472    1.49272-1
  flx   6.35421-1
   473    1.40964-1
  flx   6.00936-1
   474    2.03635-1
  flx   5.68054-1
   475    1.92084-1
  flx   5.36732-1
   476    2.48498-1
  flx   5.06926-1
   477    2.12330-1
  flx   4.78584-1
   478    1.55522-1
  flx   4.51655-1
   479    1.61984-1
  flx   4.26091-1
   480    2.27153-1
  flx   4.01842-1
   481    3.19751-1
  flx   3.78843-1
   482    3.53343-1
  flx   3.57056-1
   483    3.50845-1
  flx   3.36428-1
   484    3.27500-1
  flx   3.16906-1
   485    3.01313-1
  flx   2.98431-1
   486    2.81696-1
  flx   2.80964-1
   487    2.68557-1
  flx   2.64456-1
   488    2.59819-1
  flx   2.48858-1
   489    2.53973-1
  flx   2.34134-1
   490    2.50178-1
  flx   2.20230-1
   491    2.48320-1
  flx   2.07105-1
   492    2.48844-1
  flx   1.94730-1
   493    2.52234-1
  flx   1.83056-1
   494    2.59283-1
  flx   1.72055-1
   495    2.70123-1
  flx   1.61683-1
   496    2.83697-1
  flx   1.51916-1
   497    2.97930-1
  flx   1.42712-1
   498    3.10927-1
  flx   1.34042-1
   499    3.20657-1
  flx   1.25885-1
   500    3.27087-1
  flx   1.18205-1
   501    3.30656-1
  flx   1.10978-1
   502    3.32241-1
  flx   1.04178-1
   503    3.32219-1
  flx   9.77820-2
   504    3.31540-1
  flx   9.17670-2
   505    3.30862-1
  flx   8.61113-2
   506    3.30184-1
  flx   8.07945-2
   507    3.29505-1
  flx   7.57971-2
   508    3.29045-1
  flx   7.11008-2
   509    3.29112-1
  flx   6.66882-2
   510    3.29490-1
  flx   6.25428-2
   511    3.30418-1
  flx   5.86490-2
   512    3.32414-1
  flx   5.49921-2
   513    3.35380-1
  flx   5.15581-2
   514    3.38819-1
  flx   4.83341-2
   515    3.42258-1
  flx   4.53074-2
   516    3.44299-1
  flx   4.24665-2
   517    3.43619-1
  flx   3.98002-2
   518    3.40956-1
  flx   3.72981-2
   519    3.38110-1
  flx   3.49504-2
   520    3.36510-1
  flx   3.27479-2
   521    3.36318-1
  flx   3.06817-2
   522    3.36820-1
  flx   2.87437-2
   523    3.37699-1
  flx   2.69261-2
   524    3.38972-1
  flx   2.52215-2
   525    3.40244-1
  flx   2.36232-2
   526    3.41801-1
  flx   2.21246-2
   527    3.43656-1
  flx   2.07197-2
   528    3.45511-1
  flx   1.94027-2
   529    3.47366-1
  flx   1.81682-2
   530    3.49462-1
  flx   1.70112-2
   531    3.51811-1
  flx   1.59269-2
   532    3.54161-1
  flx   1.49108-2
   533    3.56510-1
  flx   1.39587-2
   534    3.58859-1
  flx   1.30666-2
   535    3.61457-1
  flx   1.22308-2
   536    3.64317-1
  flx   1.14479-2
   537    3.67176-1
  flx   1.07145-2
   538    3.70036-1
  flx   1.00275-2
   539    3.73121-1
  flx   9.38408-3
   540    3.76446-1
  flx   8.78150-3
   541    3.79770-1
  flx   8.21734-3
   542    3.83096-1
  flx   7.68884-3
   543    3.86008-1
  flx   7.19398-3
   544    3.88477-1
  flx   6.73064-3
   545    3.90945-1
  flx   6.29686-3
   546    3.92974-1
  flx   5.89076-3
   547    3.94533-1
  flx   5.51061-3
   548    3.95637-1
  flx   5.15476-3
   549    3.96257-1
  flx   4.82168-3
   550    3.96372-1
  flx   4.50993-3
   551    3.95949-1
  flx   4.21816-3
   552    3.95008-1
  flx   3.94511-3
   553    3.93514-1
  flx   3.68958-3
   554    3.91526-1
  flx   3.45047-3
   555    3.89008-1
  flx   3.22673-3
   556    3.86044-1
  flx   3.01738-3
   557    3.82604-1
  flx   2.82151-3
   558    3.78706-1
  flx   2.63825-3
   559    3.74316-1
  flx   2.46681-3
   560    3.69926-1
  flx   2.30643-3
   561    3.65133-1
  flx   2.15640-3
   562    3.59908-1
  flx   2.01606-3
   563    3.54682-1
  flx   1.88479-3
   564    3.49162-1
  flx   1.76200-3
   565    3.43327-1
  flx   1.64716-3
   566    3.37491-1
  flx   1.53976-3
   567    3.31656-1
  flx   1.43932-3
   568    3.25820-1
  flx   1.34538-3
   569    3.19904-1
  flx   1.25754-3
   570    3.13900-1
  flx   1.17539-3
   571    3.07897-1
  flx   1.09858-3
   572    3.01894-1
  flx   1.02676-3
   573    2.95890-1
  flx   9.59609-4
   574    2.89887-1
  flx   8.96822-4
   575    2.83884-1
  flx   8.38119-4
   576    2.77880-1
  flx   7.83238-4
   577    2.72046-1
  flx   7.31930-4
   578    2.66392-1
  flx   6.83965-4
   579    2.60737-1
  flx   6.39126-4
   580    2.55083-1
  flx   5.97211-4
   581    2.49429-1
  flx   5.58031-4
   582    2.43965-1
  flx   5.21408-4
   583    2.38706-1
  flx   4.87176-4
   584    2.33447-1
  flx   4.55181-4
   585    2.28187-1
  flx   4.25276-4
   586    2.23116-1
  flx   3.97327-4
   587    2.18246-1
  flx   3.71205-4
   588    2.13376-1
  flx   3.46793-4
   589    2.08506-1
  flx   3.23979-4
   590    2.03805-1
  flx   3.02659-4
   591    1.99284-1
  flx   2.82736-4
   592    1.94764-1
  flx   2.64118-4
   593    1.90388-1
  flx   2.46721-4
   594    1.86166-1
  flx   2.30464-4
   595    1.81944-1
  flx   2.15275-4
   596    1.77863-1
  flx   2.01082-4
   597    1.73934-1
  flx   1.87821-4
   598    1.70005-1
  flx   1.75431-4
   599    1.66214-1
  flx   1.63855-4
   600    1.62571-1
  flx   1.53040-4
   601    1.58927-1
  flx   1.42936-4
   602    1.55416-1
  flx   1.33496-4
   603    1.52047-1
  flx   1.24678-4
   604    1.48679-1
  flx   1.16440-4
   605    1.45437-1
  flx   1.08744-4
   606    1.42332-1
  flx   1.01554-4
   607    1.39227-1
  flx   9.48388-5
   608    1.36244-1
  flx   8.85657-5
   609    1.33391-1
  flx   8.27060-5
   610    1.30538-1
  flx   7.72327-5
   611    1.27800-1
  flx   7.21203-5
   612    1.25186-1
  flx   6.73452-5
   613    1.22572-1
  flx   6.28852-5
   614    1.20066-1
  flx   5.87195-5
   615    1.17678-1
  flx   5.48289-5
   616    1.15290-1
  flx   5.11953-5
   617    1.13004-1
  flx   4.78016-5
   618    1.10829-1
  flx   4.46322-5
   619    1.08654-1
  flx   4.16723-5
   620    1.06576-1
  flx   3.89081-5
   621    1.04601-1
  flx   3.63267-5
   622    1.02626-1
  flx   3.39160-5
   623    1.00742-1
  flx   3.16648-5
   624    9.89543-2
  flx   2.95626-5
   625    9.71670-2
  flx   2.75995-5
   626    9.54642-2
  flx   2.57664-5
   627    9.38520-2
  flx   2.40548-5
   628    9.22397-2
  flx   2.24565-5
   629    9.07062-2
  flx   2.09641-5
   630    8.92571-2
  flx   1.95706-5
   631    8.78080-2
  flx   1.82695-5
   632    8.64321-2
  flx   1.70546-5
   633    8.51346-2
  flx   1.59203-5
   634    8.38372-2
  flx   1.48613-5
   635    8.26076-2
  flx   1.38725-5
   636    8.14508-2
  flx   1.29493-5
   637    8.02940-2
  flx   1.20874-5
   638    7.92000-2
  flx   1.12828-5
   639    7.81733-2
  flx   1.05315-5
   640    7.71466-2
  flx   9.83018-6
 
 group constants at t=2.936E+02 deg k                                     2.2s
 for mf  3 and mt103 (n,p) cross section                                         
 
 enrgy  group constants at
 group  infinite dilution
 
   449    8.7039-11
   450    2.69078-8
   451    1.10850-7
   452    2.31019-7
   453    3.89271-6
   454    3.17495-5
   455    1.50768-4
   456    4.98260-4
   457    1.40640-3
   458    3.09411-3
   459    6.24345-3
   460    1.21304-2
   461    2.91915-2
   462    4.51442-2
   463    5.93182-2
   464    9.52020-2
   465    8.49597-2
   466    8.49734-2
   467    6.86261-2
   468    1.08460-1
   469    1.06283-1
   470    1.23286-1
   471    1.73139-1
   472    1.49272-1
   473    1.40964-1
   474    2.03635-1
   475    1.92084-1
   476    2.48498-1
   477    2.12330-1
   478    1.55522-1
   479    1.61984-1
   480    2.27153-1
   481    3.19751-1
   482    3.53343-1
   483    3.50845-1
   484    3.27500-1
   485    3.01313-1
   486    2.81696-1
   487    2.68557-1
   488    2.59819-1
   489    2.53973-1
   490    2.50178-1
   491    2.48320-1
   492    2.48844-1
   493    2.52234-1
   494    2.59283-1
   495    2.70123-1
   496    2.83697-1
   497    2.97930-1
   498    3.10927-1
   499    3.20657-1
   500    3.27087-1
   501    3.30656-1
   502    3.32241-1
   503    3.32219-1
   504    3.31540-1
   505    3.30862-1
   506    3.30184-1
   507    3.29505-1
   508    3.29045-1
   509    3.29112-1
   510    3.29490-1
   511    3.30418-1
   512    3.32414-1
   513    3.35380-1
   514    3.38819-1
   515    3.42258-1
   516    3.44299-1
   517    3.43619-1
   518    3.40956-1
   519    3.38110-1
   520    3.36510-1
   521    3.36318-1
   522    3.36820-1
   523    3.37699-1
   524    3.38972-1
   525    3.40244-1
   526    3.41801-1
   527    3.43656-1
   528    3.45511-1
   529    3.47366-1
   530    3.49462-1
   531    3.51811-1
   532    3.54161-1
   533    3.56510-1
   534    3.58859-1
   535    3.61457-1
   536    3.64317-1
   537    3.67176-1
   538    3.70036-1
   539    3.73121-1
   540    3.76446-1
   541    3.79770-1
   542    3.83096-1
   543    3.86008-1
   544    3.88477-1
   545    3.90945-1
   546    3.92974-1
   547    3.94533-1
   548    3.95637-1
   549    3.96257-1
   550    3.96372-1
   551    3.95949-1
   552    3.95008-1
   553    3.93514-1
   554    3.91526-1
   555    3.89008-1
   556    3.86044-1
   557    3.82604-1
   558    3.78706-1
   559    3.74316-1
   560    3.69926-1
   561    3.65133-1
   562    3.59908-1
   563    3.54682-1
   564    3.49162-1
   565    3.43327-1
   566    3.37491-1
   567    3.31656-1
   568    3.25820-1
   569    3.19904-1
   570    3.13900-1
   571    3.07897-1
   572    3.01894-1
   573    2.95890-1
   574    2.89887-1
   575    2.83884-1
   576    2.77880-1
   577    2.72046-1
   578    2.66392-1
   579    2.60737-1
   580    2.55083-1
   581    2.49429-1
   582    2.43965-1
   583    2.38706-1
   584    2.33447-1
   585    2.28187-1
   586    2.23116-1
   587    2.18246-1
   588    2.13376-1
   589    2.08506-1
   590    2.03805-1
   591    1.99284-1
   592    1.94764-1
   593    1.90388-1
   594    1.86166-1
   595    1.81944-1
   596    1.77863-1
   597    1.73934-1
   598    1.70005-1
   599    1.66214-1
   600    1.62571-1
   601    1.58927-1
   602    1.55416-1
   603    1.52047-1
   604    1.48679-1
   605    1.45437-1
   606    1.42332-1
   607    1.39227-1
   608    1.36244-1
   609    1.33391-1
   610    1.30538-1
   611    1.27800-1
   612    1.25186-1
   613    1.22572-1
   614    1.20066-1
   615    1.17678-1
   616    1.15290-1
   617    1.13004-1
   618    1.10829-1
   619    1.08654-1
   620    1.06576-1
   621    1.04601-1
   622    1.02626-1
   623    1.00742-1
   624    9.89543-2
   625    9.71670-2
   626    9.54642-2
   627    9.38520-2
   628    9.22397-2
   629    9.07062-2
   630    8.92571-2
   631    8.78080-2
   632    8.64321-2
   633    8.51346-2
   634    8.38372-2
   635    8.26076-2
   636    8.14508-2
   637    8.02940-2
   638    7.92000-2
   639    7.81733-2
   640    7.71466-2
 
                                                                          2.2s
 *****************************************************************************
