1*****************************************************************************
 *                                         *              *                  *
 *   $$   $$       $$   $$$$$   $$    $$   *              *  vers: 2019.01   *
 *   $$$  $$       $$  $$$$$$$   $$  $$    *  nuclear     *  vday: 31Aug19   *
 *   $$$$ $$       $$  $$   $$    $$$$     *  data        *  site: snl RES   *
 *   $$ $$$$  $$   $$  $$   $$     $$      *  processing  *  mach:           *
 *   $$  $$$  $$$$$$$  $$$$$$$     $$      *  system      *  date: 12/07/19  *
 *   $$   $$   $$$$$    $$$$$      $$      *              *  time: 18:59:57  *
 *                                         *              *                  *
 *****************************************************************************

Run Title: Enh: S(n,X)P32 IRDFF-II cross section processing                                

Enhanced control logic inputs:

    imode:   0 0 0
    icntrl:  0 0 0 0 0 0 0 0 0 0

icntrl(1) control logic flag set for NJOY default (spKP-DE):   0
icntrl(10) control logic flag set for damage energy:   0

 moder...change the mode of an endf tape or njoy output tape              0.0s

 input unit (+ for coded, - for bb) ...         20
 output unit (+ for coded, - for bb) ..        -21

 tape label
 --------------------------------------
  IRDFF-II master library in ENDF-6 format at 293.6 K                 

 using endf-6 format
                                                                          2.8s
 *****************************************************************************

 reconr...reconstruct pointwise cross sections in pendf format            2.8s

 unit for endf tape ...................        -21
 unit for pendf tape ..................        -22

 label for pendf tape
 ------------------------------------------------------------------
 processing of S-ele of IRDFF-II                                     

 tape label
 ------------------------------------------------------------------
 IRDFF-II master library in ENDF-6 format at 293.6 K                 

 material to be processed .............       1600
 reconstruction tolerance .............      0.001
 reconstruction temperature ...........     293.60k
 resonance-integral-check tolerance ...      0.010
 max resonance-integral error .........  5.000E-08

 descriptive cards for pendf tape
 ------------------------------------------------------------------
 S-ele IRDFF-II                                                      
 PROCESSED BY THE NJOY-2016 NUCLEAR DATA PROCESSING SYSTEM           
 SEE ORIGINAL TAPE FOR DETAILS OF EVALUATION                         
 

 processing mat 1600 in endf-6 format
 ------------------------------------------------------------------
  16-S -  0                                                          


 mat has no resonance parameters

 number of user and resonance nodes           =       0
 points in initial unionized grid             =     280
 points added by linearization                =       2                   2.9s
 number of points in final unionized grid     =     282
                                                                          2.9s
 *****************************************************************************

 groupr...compute self-shielded group-averaged cross-sections             2.9s

 unit for endf tape ...................        -21
 unit for pendf tape ..................        -22
 unit for input gout tape .............          0
 unit for output gout tape ............         25
 mat to be processed ..................       1600
 neutron group structure option .......         15
 gamma group option ...................          0
 weight function option ...............          4
 legendre order .......................          0
 print option (0 min, 1 max) ..........          1
 smoothing option (0 off, 1 on) .......          1

 run title
 --------------------------------------
      groupr: 640-group SAND-II                                         
 
 temperatures (kelvin) ................   2.94E+02
 sigma zeroes .........................   infinity

 neutron group structure......sand-iia 640-group
     1   1.00000E-04  -  1.05000E-04
     2   1.05000E-04  -  1.10000E-04
     3   1.10000E-04  -  1.15000E-04
     4   1.15000E-04  -  1.20000E-04
     5   1.20000E-04  -  1.27500E-04
     6   1.27500E-04  -  1.35000E-04
     7   1.35000E-04  -  1.42500E-04
     8   1.42500E-04  -  1.50000E-04
     9   1.50000E-04  -  1.60000E-04
    10   1.60000E-04  -  1.70000E-04
    11   1.70000E-04  -  1.80000E-04
    12   1.80000E-04  -  1.90000E-04
    13   1.90000E-04  -  2.00000E-04
    14   2.00000E-04  -  2.10000E-04
    15   2.10000E-04  -  2.20000E-04
    16   2.20000E-04  -  2.30000E-04
    17   2.30000E-04  -  2.40000E-04
    18   2.40000E-04  -  2.55000E-04
    19   2.55000E-04  -  2.70000E-04
    20   2.70000E-04  -  2.80000E-04
    21   2.80000E-04  -  3.00000E-04
    22   3.00000E-04  -  3.20000E-04
    23   3.20000E-04  -  3.40000E-04
    24   3.40000E-04  -  3.60000E-04
    25   3.60000E-04  -  3.80000E-04
    26   3.80000E-04  -  4.00000E-04
    27   4.00000E-04  -  4.25000E-04
    28   4.25000E-04  -  4.50000E-04
    29   4.50000E-04  -  4.75000E-04
    30   4.75000E-04  -  5.00000E-04
    31   5.00000E-04  -  5.25000E-04
    32   5.25000E-04  -  5.50000E-04
    33   5.50000E-04  -  5.75000E-04
    34   5.75000E-04  -  6.00000E-04
    35   6.00000E-04  -  6.30000E-04
    36   6.30000E-04  -  6.60000E-04
    37   6.60000E-04  -  6.90000E-04
    38   6.90000E-04  -  7.20000E-04
    39   7.20000E-04  -  7.60000E-04
    40   7.60000E-04  -  8.00000E-04
    41   8.00000E-04  -  8.40000E-04
    42   8.40000E-04  -  8.80000E-04
    43   8.80000E-04  -  9.20000E-04
    44   9.20000E-04  -  9.60000E-04
    45   9.60000E-04  -  1.00000E-03
    46   1.00000E-03  -  1.05000E-03
    47   1.05000E-03  -  1.10000E-03
    48   1.10000E-03  -  1.15000E-03
    49   1.15000E-03  -  1.20000E-03
    50   1.20000E-03  -  1.27500E-03
    51   1.27500E-03  -  1.35000E-03
    52   1.35000E-03  -  1.42500E-03
    53   1.42500E-03  -  1.50000E-03
    54   1.50000E-03  -  1.60000E-03
    55   1.60000E-03  -  1.70000E-03
    56   1.70000E-03  -  1.80000E-03
    57   1.80000E-03  -  1.90000E-03
    58   1.90000E-03  -  2.00000E-03
    59   2.00000E-03  -  2.10000E-03
    60   2.10000E-03  -  2.20000E-03
    61   2.20000E-03  -  2.30000E-03
    62   2.30000E-03  -  2.40000E-03
    63   2.40000E-03  -  2.55000E-03
    64   2.55000E-03  -  2.70000E-03
    65   2.70000E-03  -  2.80000E-03
    66   2.80000E-03  -  3.00000E-03
    67   3.00000E-03  -  3.20000E-03
    68   3.20000E-03  -  3.40000E-03
    69   3.40000E-03  -  3.60000E-03
    70   3.60000E-03  -  3.80000E-03
    71   3.80000E-03  -  4.00000E-03
    72   4.00000E-03  -  4.25000E-03
    73   4.25000E-03  -  4.50000E-03
    74   4.50000E-03  -  4.75000E-03
    75   4.75000E-03  -  5.00000E-03
    76   5.00000E-03  -  5.25000E-03
    77   5.25000E-03  -  5.50000E-03
    78   5.50000E-03  -  5.75000E-03
    79   5.75000E-03  -  6.00000E-03
    80   6.00000E-03  -  6.30000E-03
    81   6.30000E-03  -  6.60000E-03
    82   6.60000E-03  -  6.90000E-03
    83   6.90000E-03  -  7.20000E-03
    84   7.20000E-03  -  7.60000E-03
    85   7.60000E-03  -  8.00000E-03
    86   8.00000E-03  -  8.40000E-03
    87   8.40000E-03  -  8.80000E-03
    88   8.80000E-03  -  9.20000E-03
    89   9.20000E-03  -  9.60000E-03
    90   9.60000E-03  -  1.00000E-02
    91   1.00000E-02  -  1.05000E-02
    92   1.05000E-02  -  1.10000E-02
    93   1.10000E-02  -  1.15000E-02
    94   1.15000E-02  -  1.20000E-02
    95   1.20000E-02  -  1.27500E-02
    96   1.27500E-02  -  1.35000E-02
    97   1.35000E-02  -  1.42500E-02
    98   1.42500E-02  -  1.50000E-02
    99   1.50000E-02  -  1.60000E-02
   100   1.60000E-02  -  1.70000E-02
   101   1.70000E-02  -  1.80000E-02
   102   1.80000E-02  -  1.90000E-02
   103   1.90000E-02  -  2.00000E-02
   104   2.00000E-02  -  2.10000E-02
   105   2.10000E-02  -  2.20000E-02
   106   2.20000E-02  -  2.30000E-02
   107   2.30000E-02  -  2.40000E-02
   108   2.40000E-02  -  2.55000E-02
   109   2.55000E-02  -  2.70000E-02
   110   2.70000E-02  -  2.80000E-02
   111   2.80000E-02  -  3.00000E-02
   112   3.00000E-02  -  3.20000E-02
   113   3.20000E-02  -  3.40000E-02
   114   3.40000E-02  -  3.60000E-02
   115   3.60000E-02  -  3.80000E-02
   116   3.80000E-02  -  4.00000E-02
   117   4.00000E-02  -  4.25000E-02
   118   4.25000E-02  -  4.50000E-02
   119   4.50000E-02  -  4.75000E-02
   120   4.75000E-02  -  5.00000E-02
   121   5.00000E-02  -  5.25000E-02
   122   5.25000E-02  -  5.50000E-02
   123   5.50000E-02  -  5.75000E-02
   124   5.75000E-02  -  6.00000E-02
   125   6.00000E-02  -  6.30000E-02
   126   6.30000E-02  -  6.60000E-02
   127   6.60000E-02  -  6.90000E-02
   128   6.90000E-02  -  7.20000E-02
   129   7.20000E-02  -  7.60000E-02
   130   7.60000E-02  -  8.00000E-02
   131   8.00000E-02  -  8.40000E-02
   132   8.40000E-02  -  8.80000E-02
   133   8.80000E-02  -  9.20000E-02
   134   9.20000E-02  -  9.60000E-02
   135   9.60000E-02  -  1.00000E-01
   136   1.00000E-01  -  1.05000E-01
   137   1.05000E-01  -  1.10000E-01
   138   1.10000E-01  -  1.15000E-01
   139   1.15000E-01  -  1.20000E-01
   140   1.20000E-01  -  1.27500E-01
   141   1.27500E-01  -  1.35000E-01
   142   1.35000E-01  -  1.42500E-01
   143   1.42500E-01  -  1.50000E-01
   144   1.50000E-01  -  1.60000E-01
   145   1.60000E-01  -  1.70000E-01
   146   1.70000E-01  -  1.80000E-01
   147   1.80000E-01  -  1.90000E-01
   148   1.90000E-01  -  2.00000E-01
   149   2.00000E-01  -  2.10000E-01
   150   2.10000E-01  -  2.20000E-01
   151   2.20000E-01  -  2.30000E-01
   152   2.30000E-01  -  2.40000E-01
   153   2.40000E-01  -  2.55000E-01
   154   2.55000E-01  -  2.70000E-01
   155   2.70000E-01  -  2.80000E-01
   156   2.80000E-01  -  3.00000E-01
   157   3.00000E-01  -  3.20000E-01
   158   3.20000E-01  -  3.40000E-01
   159   3.40000E-01  -  3.60000E-01
   160   3.60000E-01  -  3.80000E-01
   161   3.80000E-01  -  4.00000E-01
   162   4.00000E-01  -  4.25000E-01
   163   4.25000E-01  -  4.50000E-01
   164   4.50000E-01  -  4.75000E-01
   165   4.75000E-01  -  5.00000E-01
   166   5.00000E-01  -  5.25000E-01
   167   5.25000E-01  -  5.50000E-01
   168   5.50000E-01  -  5.75000E-01
   169   5.75000E-01  -  6.00000E-01
   170   6.00000E-01  -  6.30000E-01
   171   6.30000E-01  -  6.60000E-01
   172   6.60000E-01  -  6.90000E-01
   173   6.90000E-01  -  7.20000E-01
   174   7.20000E-01  -  7.60000E-01
   175   7.60000E-01  -  8.00000E-01
   176   8.00000E-01  -  8.40000E-01
   177   8.40000E-01  -  8.80000E-01
   178   8.80000E-01  -  9.20000E-01
   179   9.20000E-01  -  9.60000E-01
   180   9.60000E-01  -  1.00000E+00
   181   1.00000E+00  -  1.05000E+00
   182   1.05000E+00  -  1.10000E+00
   183   1.10000E+00  -  1.15000E+00
   184   1.15000E+00  -  1.20000E+00
   185   1.20000E+00  -  1.27500E+00
   186   1.27500E+00  -  1.35000E+00
   187   1.35000E+00  -  1.42500E+00
   188   1.42500E+00  -  1.50000E+00
   189   1.50000E+00  -  1.60000E+00
   190   1.60000E+00  -  1.70000E+00
   191   1.70000E+00  -  1.80000E+00
   192   1.80000E+00  -  1.90000E+00
   193   1.90000E+00  -  2.00000E+00
   194   2.00000E+00  -  2.10000E+00
   195   2.10000E+00  -  2.20000E+00
   196   2.20000E+00  -  2.30000E+00
   197   2.30000E+00  -  2.40000E+00
   198   2.40000E+00  -  2.55000E+00
   199   2.55000E+00  -  2.70000E+00
   200   2.70000E+00  -  2.80000E+00
   201   2.80000E+00  -  3.00000E+00
   202   3.00000E+00  -  3.20000E+00
   203   3.20000E+00  -  3.40000E+00
   204   3.40000E+00  -  3.60000E+00
   205   3.60000E+00  -  3.80000E+00
   206   3.80000E+00  -  4.00000E+00
   207   4.00000E+00  -  4.25000E+00
   208   4.25000E+00  -  4.50000E+00
   209   4.50000E+00  -  4.75000E+00
   210   4.75000E+00  -  5.00000E+00
   211   5.00000E+00  -  5.25000E+00
   212   5.25000E+00  -  5.50000E+00
   213   5.50000E+00  -  5.75000E+00
   214   5.75000E+00  -  6.00000E+00
   215   6.00000E+00  -  6.30000E+00
   216   6.30000E+00  -  6.60000E+00
   217   6.60000E+00  -  6.90000E+00
   218   6.90000E+00  -  7.20000E+00
   219   7.20000E+00  -  7.60000E+00
   220   7.60000E+00  -  8.00000E+00
   221   8.00000E+00  -  8.40000E+00
   222   8.40000E+00  -  8.80000E+00
   223   8.80000E+00  -  9.20000E+00
   224   9.20000E+00  -  9.60000E+00
   225   9.60000E+00  -  1.00000E+01
   226   1.00000E+01  -  1.05000E+01
   227   1.05000E+01  -  1.10000E+01
   228   1.10000E+01  -  1.15000E+01
   229   1.15000E+01  -  1.20000E+01
   230   1.20000E+01  -  1.27500E+01
   231   1.27500E+01  -  1.35000E+01
   232   1.35000E+01  -  1.42500E+01
   233   1.42500E+01  -  1.50000E+01
   234   1.50000E+01  -  1.60000E+01
   235   1.60000E+01  -  1.70000E+01
   236   1.70000E+01  -  1.80000E+01
   237   1.80000E+01  -  1.90000E+01
   238   1.90000E+01  -  2.00000E+01
   239   2.00000E+01  -  2.10000E+01
   240   2.10000E+01  -  2.20000E+01
   241   2.20000E+01  -  2.30000E+01
   242   2.30000E+01  -  2.40000E+01
   243   2.40000E+01  -  2.55000E+01
   244   2.55000E+01  -  2.70000E+01
   245   2.70000E+01  -  2.80000E+01
   246   2.80000E+01  -  3.00000E+01
   247   3.00000E+01  -  3.20000E+01
   248   3.20000E+01  -  3.40000E+01
   249   3.40000E+01  -  3.60000E+01
   250   3.60000E+01  -  3.80000E+01
   251   3.80000E+01  -  4.00000E+01
   252   4.00000E+01  -  4.25000E+01
   253   4.25000E+01  -  4.50000E+01
   254   4.50000E+01  -  4.75000E+01
   255   4.75000E+01  -  5.00000E+01
   256   5.00000E+01  -  5.25000E+01
   257   5.25000E+01  -  5.50000E+01
   258   5.50000E+01  -  5.75000E+01
   259   5.75000E+01  -  6.00000E+01
   260   6.00000E+01  -  6.30000E+01
   261   6.30000E+01  -  6.60000E+01
   262   6.60000E+01  -  6.90000E+01
   263   6.90000E+01  -  7.20000E+01
   264   7.20000E+01  -  7.60000E+01
   265   7.60000E+01  -  8.00000E+01
   266   8.00000E+01  -  8.40000E+01
   267   8.40000E+01  -  8.80000E+01
   268   8.80000E+01  -  9.20000E+01
   269   9.20000E+01  -  9.60000E+01
   270   9.60000E+01  -  1.00000E+02
   271   1.00000E+02  -  1.05000E+02
   272   1.05000E+02  -  1.10000E+02
   273   1.10000E+02  -  1.15000E+02
   274   1.15000E+02  -  1.20000E+02
   275   1.20000E+02  -  1.27500E+02
   276   1.27500E+02  -  1.35000E+02
   277   1.35000E+02  -  1.42500E+02
   278   1.42500E+02  -  1.50000E+02
   279   1.50000E+02  -  1.60000E+02
   280   1.60000E+02  -  1.70000E+02
   281   1.70000E+02  -  1.80000E+02
   282   1.80000E+02  -  1.90000E+02
   283   1.90000E+02  -  2.00000E+02
   284   2.00000E+02  -  2.10000E+02
   285   2.10000E+02  -  2.20000E+02
   286   2.20000E+02  -  2.30000E+02
   287   2.30000E+02  -  2.40000E+02
   288   2.40000E+02  -  2.55000E+02
   289   2.55000E+02  -  2.70000E+02
   290   2.70000E+02  -  2.80000E+02
   291   2.80000E+02  -  3.00000E+02
   292   3.00000E+02  -  3.20000E+02
   293   3.20000E+02  -  3.40000E+02
   294   3.40000E+02  -  3.60000E+02
   295   3.60000E+02  -  3.80000E+02
   296   3.80000E+02  -  4.00000E+02
   297   4.00000E+02  -  4.25000E+02
   298   4.25000E+02  -  4.50000E+02
   299   4.50000E+02  -  4.75000E+02
   300   4.75000E+02  -  5.00000E+02
   301   5.00000E+02  -  5.25000E+02
   302   5.25000E+02  -  5.50000E+02
   303   5.50000E+02  -  5.75000E+02
   304   5.75000E+02  -  6.00000E+02
   305   6.00000E+02  -  6.30000E+02
   306   6.30000E+02  -  6.60000E+02
   307   6.60000E+02  -  6.90000E+02
   308   6.90000E+02  -  7.20000E+02
   309   7.20000E+02  -  7.60000E+02
   310   7.60000E+02  -  8.00000E+02
   311   8.00000E+02  -  8.40000E+02
   312   8.40000E+02  -  8.80000E+02
   313   8.80000E+02  -  9.20000E+02
   314   9.20000E+02  -  9.60000E+02
   315   9.60000E+02  -  1.00000E+03
   316   1.00000E+03  -  1.05000E+03
   317   1.05000E+03  -  1.10000E+03
   318   1.10000E+03  -  1.15000E+03
   319   1.15000E+03  -  1.20000E+03
   320   1.20000E+03  -  1.27500E+03
   321   1.27500E+03  -  1.35000E+03
   322   1.35000E+03  -  1.42500E+03
   323   1.42500E+03  -  1.50000E+03
   324   1.50000E+03  -  1.60000E+03
   325   1.60000E+03  -  1.70000E+03
   326   1.70000E+03  -  1.80000E+03
   327   1.80000E+03  -  1.90000E+03
   328   1.90000E+03  -  2.00000E+03
   329   2.00000E+03  -  2.10000E+03
   330   2.10000E+03  -  2.20000E+03
   331   2.20000E+03  -  2.30000E+03
   332   2.30000E+03  -  2.40000E+03
   333   2.40000E+03  -  2.55000E+03
   334   2.55000E+03  -  2.70000E+03
   335   2.70000E+03  -  2.80000E+03
   336   2.80000E+03  -  3.00000E+03
   337   3.00000E+03  -  3.20000E+03
   338   3.20000E+03  -  3.40000E+03
   339   3.40000E+03  -  3.60000E+03
   340   3.60000E+03  -  3.80000E+03
   341   3.80000E+03  -  4.00000E+03
   342   4.00000E+03  -  4.25000E+03
   343   4.25000E+03  -  4.50000E+03
   344   4.50000E+03  -  4.75000E+03
   345   4.75000E+03  -  5.00000E+03
   346   5.00000E+03  -  5.25000E+03
   347   5.25000E+03  -  5.50000E+03
   348   5.50000E+03  -  5.75000E+03
   349   5.75000E+03  -  6.00000E+03
   350   6.00000E+03  -  6.30000E+03
   351   6.30000E+03  -  6.60000E+03
   352   6.60000E+03  -  6.90000E+03
   353   6.90000E+03  -  7.20000E+03
   354   7.20000E+03  -  7.60000E+03
   355   7.60000E+03  -  8.00000E+03
   356   8.00000E+03  -  8.40000E+03
   357   8.40000E+03  -  8.80000E+03
   358   8.80000E+03  -  9.20000E+03
   359   9.20000E+03  -  9.60000E+03
   360   9.60000E+03  -  1.00000E+04
   361   1.00000E+04  -  1.05000E+04
   362   1.05000E+04  -  1.10000E+04
   363   1.10000E+04  -  1.15000E+04
   364   1.15000E+04  -  1.20000E+04
   365   1.20000E+04  -  1.27500E+04
   366   1.27500E+04  -  1.35000E+04
   367   1.35000E+04  -  1.42500E+04
   368   1.42500E+04  -  1.50000E+04
   369   1.50000E+04  -  1.60000E+04
   370   1.60000E+04  -  1.70000E+04
   371   1.70000E+04  -  1.80000E+04
   372   1.80000E+04  -  1.90000E+04
   373   1.90000E+04  -  2.00000E+04
   374   2.00000E+04  -  2.10000E+04
   375   2.10000E+04  -  2.20000E+04
   376   2.20000E+04  -  2.30000E+04
   377   2.30000E+04  -  2.40000E+04
   378   2.40000E+04  -  2.55000E+04
   379   2.55000E+04  -  2.70000E+04
   380   2.70000E+04  -  2.80000E+04
   381   2.80000E+04  -  3.00000E+04
   382   3.00000E+04  -  3.20000E+04
   383   3.20000E+04  -  3.40000E+04
   384   3.40000E+04  -  3.60000E+04
   385   3.60000E+04  -  3.80000E+04
   386   3.80000E+04  -  4.00000E+04
   387   4.00000E+04  -  4.25000E+04
   388   4.25000E+04  -  4.50000E+04
   389   4.50000E+04  -  4.75000E+04
   390   4.75000E+04  -  5.00000E+04
   391   5.00000E+04  -  5.25000E+04
   392   5.25000E+04  -  5.50000E+04
   393   5.50000E+04  -  5.75000E+04
   394   5.75000E+04  -  6.00000E+04
   395   6.00000E+04  -  6.30000E+04
   396   6.30000E+04  -  6.60000E+04
   397   6.60000E+04  -  6.90000E+04
   398   6.90000E+04  -  7.20000E+04
   399   7.20000E+04  -  7.60000E+04
   400   7.60000E+04  -  8.00000E+04
   401   8.00000E+04  -  8.40000E+04
   402   8.40000E+04  -  8.80000E+04
   403   8.80000E+04  -  9.20000E+04
   404   9.20000E+04  -  9.60000E+04
   405   9.60000E+04  -  1.00000E+05
   406   1.00000E+05  -  1.05000E+05
   407   1.05000E+05  -  1.10000E+05
   408   1.10000E+05  -  1.15000E+05
   409   1.15000E+05  -  1.20000E+05
   410   1.20000E+05  -  1.27500E+05
   411   1.27500E+05  -  1.35000E+05
   412   1.35000E+05  -  1.42500E+05
   413   1.42500E+05  -  1.50000E+05
   414   1.50000E+05  -  1.60000E+05
   415   1.60000E+05  -  1.70000E+05
   416   1.70000E+05  -  1.80000E+05
   417   1.80000E+05  -  1.90000E+05
   418   1.90000E+05  -  2.00000E+05
   419   2.00000E+05  -  2.10000E+05
   420   2.10000E+05  -  2.20000E+05
   421   2.20000E+05  -  2.30000E+05
   422   2.30000E+05  -  2.40000E+05
   423   2.40000E+05  -  2.55000E+05
   424   2.55000E+05  -  2.70000E+05
   425   2.70000E+05  -  2.80000E+05
   426   2.80000E+05  -  3.00000E+05
   427   3.00000E+05  -  3.20000E+05
   428   3.20000E+05  -  3.40000E+05
   429   3.40000E+05  -  3.60000E+05
   430   3.60000E+05  -  3.80000E+05
   431   3.80000E+05  -  4.00000E+05
   432   4.00000E+05  -  4.25000E+05
   433   4.25000E+05  -  4.50000E+05
   434   4.50000E+05  -  4.75000E+05
   435   4.75000E+05  -  5.00000E+05
   436   5.00000E+05  -  5.25000E+05
   437   5.25000E+05  -  5.50000E+05
   438   5.50000E+05  -  5.75000E+05
   439   5.75000E+05  -  6.00000E+05
   440   6.00000E+05  -  6.30000E+05
   441   6.30000E+05  -  6.60000E+05
   442   6.60000E+05  -  6.90000E+05
   443   6.90000E+05  -  7.20000E+05
   444   7.20000E+05  -  7.60000E+05
   445   7.60000E+05  -  8.00000E+05
   446   8.00000E+05  -  8.40000E+05
   447   8.40000E+05  -  8.80000E+05
   448   8.80000E+05  -  9.20000E+05
   449   9.20000E+05  -  9.60000E+05
   450   9.60000E+05  -  1.00000E+06
   451   1.00000E+06  -  1.10000E+06
   452   1.10000E+06  -  1.20000E+06
   453   1.20000E+06  -  1.30000E+06
   454   1.30000E+06  -  1.40000E+06
   455   1.40000E+06  -  1.50000E+06
   456   1.50000E+06  -  1.60000E+06
   457   1.60000E+06  -  1.70000E+06
   458   1.70000E+06  -  1.80000E+06
   459   1.80000E+06  -  1.90000E+06
   460   1.90000E+06  -  2.00000E+06
   461   2.00000E+06  -  2.10000E+06
   462   2.10000E+06  -  2.20000E+06
   463   2.20000E+06  -  2.30000E+06
   464   2.30000E+06  -  2.40000E+06
   465   2.40000E+06  -  2.50000E+06
   466   2.50000E+06  -  2.60000E+06
   467   2.60000E+06  -  2.70000E+06
   468   2.70000E+06  -  2.80000E+06
   469   2.80000E+06  -  2.90000E+06
   470   2.90000E+06  -  3.00000E+06
   471   3.00000E+06  -  3.10000E+06
   472   3.10000E+06  -  3.20000E+06
   473   3.20000E+06  -  3.30000E+06
   474   3.30000E+06  -  3.40000E+06
   475   3.40000E+06  -  3.50000E+06
   476   3.50000E+06  -  3.60000E+06
   477   3.60000E+06  -  3.70000E+06
   478   3.70000E+06  -  3.80000E+06
   479   3.80000E+06  -  3.90000E+06
   480   3.90000E+06  -  4.00000E+06
   481   4.00000E+06  -  4.10000E+06
   482   4.10000E+06  -  4.20000E+06
   483   4.20000E+06  -  4.30000E+06
   484   4.30000E+06  -  4.40000E+06
   485   4.40000E+06  -  4.50000E+06
   486   4.50000E+06  -  4.60000E+06
   487   4.60000E+06  -  4.70000E+06
   488   4.70000E+06  -  4.80000E+06
   489   4.80000E+06  -  4.90000E+06
   490   4.90000E+06  -  5.00000E+06
   491   5.00000E+06  -  5.10000E+06
   492   5.10000E+06  -  5.20000E+06
   493   5.20000E+06  -  5.30000E+06
   494   5.30000E+06  -  5.40000E+06
   495   5.40000E+06  -  5.50000E+06
   496   5.50000E+06  -  5.60000E+06
   497   5.60000E+06  -  5.70000E+06
   498   5.70000E+06  -  5.80000E+06
   499   5.80000E+06  -  5.90000E+06
   500   5.90000E+06  -  6.00000E+06
   501   6.00000E+06  -  6.10000E+06
   502   6.10000E+06  -  6.20000E+06
   503   6.20000E+06  -  6.30000E+06
   504   6.30000E+06  -  6.40000E+06
   505   6.40000E+06  -  6.50000E+06
   506   6.50000E+06  -  6.60000E+06
   507   6.60000E+06  -  6.70000E+06
   508   6.70000E+06  -  6.80000E+06
   509   6.80000E+06  -  6.90000E+06
   510   6.90000E+06  -  7.00000E+06
   511   7.00000E+06  -  7.10000E+06
   512   7.10000E+06  -  7.20000E+06
   513   7.20000E+06  -  7.30000E+06
   514   7.30000E+06  -  7.40000E+06
   515   7.40000E+06  -  7.50000E+06
   516   7.50000E+06  -  7.60000E+06
   517   7.60000E+06  -  7.70000E+06
   518   7.70000E+06  -  7.80000E+06
   519   7.80000E+06  -  7.90000E+06
   520   7.90000E+06  -  8.00000E+06
   521   8.00000E+06  -  8.10000E+06
   522   8.10000E+06  -  8.20000E+06
   523   8.20000E+06  -  8.30000E+06
   524   8.30000E+06  -  8.40000E+06
   525   8.40000E+06  -  8.50000E+06
   526   8.50000E+06  -  8.60000E+06
   527   8.60000E+06  -  8.70000E+06
   528   8.70000E+06  -  8.80000E+06
   529   8.80000E+06  -  8.90000E+06
   530   8.90000E+06  -  9.00000E+06
   531   9.00000E+06  -  9.10000E+06
   532   9.10000E+06  -  9.20000E+06
   533   9.20000E+06  -  9.30000E+06
   534   9.30000E+06  -  9.40000E+06
   535   9.40000E+06  -  9.50000E+06
   536   9.50000E+06  -  9.60000E+06
   537   9.60000E+06  -  9.70000E+06
   538   9.70000E+06  -  9.80000E+06
   539   9.80000E+06  -  9.90000E+06
   540   9.90000E+06  -  1.00000E+07
   541   1.00000E+07  -  1.01000E+07
   542   1.01000E+07  -  1.02000E+07
   543   1.02000E+07  -  1.03000E+07
   544   1.03000E+07  -  1.04000E+07
   545   1.04000E+07  -  1.05000E+07
   546   1.05000E+07  -  1.06000E+07
   547   1.06000E+07  -  1.07000E+07
   548   1.07000E+07  -  1.08000E+07
   549   1.08000E+07  -  1.09000E+07
   550   1.09000E+07  -  1.10000E+07
   551   1.10000E+07  -  1.11000E+07
   552   1.11000E+07  -  1.12000E+07
   553   1.12000E+07  -  1.13000E+07
   554   1.13000E+07  -  1.14000E+07
   555   1.14000E+07  -  1.15000E+07
   556   1.15000E+07  -  1.16000E+07
   557   1.16000E+07  -  1.17000E+07
   558   1.17000E+07  -  1.18000E+07
   559   1.18000E+07  -  1.19000E+07
   560   1.19000E+07  -  1.20000E+07
   561   1.20000E+07  -  1.21000E+07
   562   1.21000E+07  -  1.22000E+07
   563   1.22000E+07  -  1.23000E+07
   564   1.23000E+07  -  1.24000E+07
   565   1.24000E+07  -  1.25000E+07
   566   1.25000E+07  -  1.26000E+07
   567   1.26000E+07  -  1.27000E+07
   568   1.27000E+07  -  1.28000E+07
   569   1.28000E+07  -  1.29000E+07
   570   1.29000E+07  -  1.30000E+07
   571   1.30000E+07  -  1.31000E+07
   572   1.31000E+07  -  1.32000E+07
   573   1.32000E+07  -  1.33000E+07
   574   1.33000E+07  -  1.34000E+07
   575   1.34000E+07  -  1.35000E+07
   576   1.35000E+07  -  1.36000E+07
   577   1.36000E+07  -  1.37000E+07
   578   1.37000E+07  -  1.38000E+07
   579   1.38000E+07  -  1.39000E+07
   580   1.39000E+07  -  1.40000E+07
   581   1.40000E+07  -  1.41000E+07
   582   1.41000E+07  -  1.42000E+07
   583   1.42000E+07  -  1.43000E+07
   584   1.43000E+07  -  1.44000E+07
   585   1.44000E+07  -  1.45000E+07
   586   1.45000E+07  -  1.46000E+07
   587   1.46000E+07  -  1.47000E+07
   588   1.47000E+07  -  1.48000E+07
   589   1.48000E+07  -  1.49000E+07
   590   1.49000E+07  -  1.50000E+07
   591   1.50000E+07  -  1.51000E+07
   592   1.51000E+07  -  1.52000E+07
   593   1.52000E+07  -  1.53000E+07
   594   1.53000E+07  -  1.54000E+07
   595   1.54000E+07  -  1.55000E+07
   596   1.55000E+07  -  1.56000E+07
   597   1.56000E+07  -  1.57000E+07
   598   1.57000E+07  -  1.58000E+07
   599   1.58000E+07  -  1.59000E+07
   600   1.59000E+07  -  1.60000E+07
   601   1.60000E+07  -  1.61000E+07
   602   1.61000E+07  -  1.62000E+07
   603   1.62000E+07  -  1.63000E+07
   604   1.63000E+07  -  1.64000E+07
   605   1.64000E+07  -  1.65000E+07
   606   1.65000E+07  -  1.66000E+07
   607   1.66000E+07  -  1.67000E+07
   608   1.67000E+07  -  1.68000E+07
   609   1.68000E+07  -  1.69000E+07
   610   1.69000E+07  -  1.70000E+07
   611   1.70000E+07  -  1.71000E+07
   612   1.71000E+07  -  1.72000E+07
   613   1.72000E+07  -  1.73000E+07
   614   1.73000E+07  -  1.74000E+07
   615   1.74000E+07  -  1.75000E+07
   616   1.75000E+07  -  1.76000E+07
   617   1.76000E+07  -  1.77000E+07
   618   1.77000E+07  -  1.78000E+07
   619   1.78000E+07  -  1.79000E+07
   620   1.79000E+07  -  1.80000E+07
   621   1.80000E+07  -  1.81000E+07
   622   1.81000E+07  -  1.82000E+07
   623   1.82000E+07  -  1.83000E+07
   624   1.83000E+07  -  1.84000E+07
   625   1.84000E+07  -  1.85000E+07
   626   1.85000E+07  -  1.86000E+07
   627   1.86000E+07  -  1.87000E+07
   628   1.87000E+07  -  1.88000E+07
   629   1.88000E+07  -  1.89000E+07
   630   1.89000E+07  -  1.90000E+07
   631   1.90000E+07  -  1.91000E+07
   632   1.91000E+07  -  1.92000E+07
   633   1.92000E+07  -  1.93000E+07
   634   1.93000E+07  -  1.94000E+07
   635   1.94000E+07  -  1.95000E+07
   636   1.95000E+07  -  1.96000E+07
   637   1.96000E+07  -  1.97000E+07
   638   1.97000E+07  -  1.98000E+07
   639   1.98000E+07  -  1.99000E+07
   640   1.99000E+07  -  2.00000E+07

 weight function......thermal + 1/e + fission
 thermal breakpoint and temperature    1.0000E-01  2.5000E-02
 fission breakpoint and temperature    1.0000E+05  1.4000E+06

 using endf-6 format

 processing mat   1600
 --------------------------------------
  S-ele IRDFF-II                                                      
 
 group constants at t=2.936E+02 deg k                                     2.9s
 for mf10 mt  5 zam  150320 (n,x) 15032 production                                      
 
 enrgy  group constants at
 group  infinite dilution
 
   449    8.5805-11
   450    2.56068-8
   451    1.05329-7
   452    2.19456-7
   453    3.69769-6
   454    3.01589-5
   455    1.43214-4
   456    4.73298-4
   457    1.33594-3
   458    2.93909-3
   459    5.93065-3
   460    1.15227-2
   461    2.77290-2
   462    4.28825-2
   463    5.63464-2
   464    9.04324-2
   465    8.07032-2
   466    8.07162-2
   467    6.51879-2
   468    1.03026-1
   469    1.00958-1
   470    1.17109-1
   471    1.64465-1
   472    1.41793-1
   473    1.33902-1
   474    1.93433-1
   475    1.82461-1
   476    2.36048-1
   477    2.01692-1
   478    1.47730-1
   479    1.53869-1
   480    2.15772-1
   481    3.03731-1
   482    3.35641-1
   483    3.33267-1
   484    3.11092-1
   485    2.86218-1
   486    2.67583-1
   487    2.55103-1
   488    2.46802-1
   489    2.41249-1
   490    2.37644-1
   491    2.35879-1
   492    2.36377-1
   493    2.39597-1
   494    2.46293-1
   495    2.56590-1
   496    2.69484-1
   497    2.83004-1
   498    2.95350-1
   499    3.04592-1
   500    3.10700-1
   501    3.14090-1
   502    3.15596-1
   503    3.15574-1
   504    3.14930-1
   505    3.14286-1
   506    3.13641-1
   507    3.12997-1
   508    3.12560-1
   509    3.12623-1
   510    3.12982-1
   511    3.13864-1
   512    3.15760-1
   513    3.18577-1
   514    3.21844-1
   515    3.25111-1
   516    3.27050-1
   517    3.26400-1
   518    3.23874-1
   519    3.21171-1
   520    3.19651-1
   521    3.19468-1
   522    3.19945-1
   523    3.20780-1
   524    3.21989-1
   525    3.23198-1
   526    3.24677-1
   527    3.26439-1
   528    3.28201-1
   529    3.29963-1
   530    3.31954-1
   531    3.34186-1
   532    3.36418-1
   533    3.38650-1
   534    3.40882-1
   535    3.43350-1
   536    3.46067-1
   537    3.48785-1
   538    3.51503-1
   539    3.54434-1
   540    3.57619-1
   541    3.60753-1
   542    3.63913-1
   543    3.66681-1
   544    3.69027-1
   545    3.71373-1
   546    3.73302-1
   547    3.74785-1
   548    3.75836-1
   549    3.76426-1
   550    3.76538-1
   551    3.76140-1
   552    3.75253-1
   553    3.73840-1
   554    3.71958-1
   555    3.69572-1
   556    3.66769-1
   557    3.63518-1
   558    3.59831-1
   559    3.55678-1
   560    3.51525-1
   561    3.46992-1
   562    3.42051-1
   563    3.37110-1
   564    3.31890-1
   565    3.26369-1
   566    3.20855-1
   567    3.15348-1
   568    3.09841-1
   569    3.04222-1
   570    2.98590-1
   571    2.92926-1
   572    2.87263-1
   573    2.81601-1
   574    2.75938-1
   575    2.70276-1
   576    2.64614-1
   577    2.59114-1
   578    2.53784-1
   579    2.48455-1
   580    2.43126-1
   581    2.37795-1
   582    2.32644-1
   583    2.27686-1
   584    2.22728-1
   585    2.17770-1
   586    2.12990-1
   587    2.08399-1
   588    2.03808-1
   589    1.99218-1
   590    1.94787-1
   591    1.90527-1
   592    1.86264-1
   593    1.82138-1
   594    1.78159-1
   595    1.74180-1
   596    1.70335-1
   597    1.66634-1
   598    1.62933-1
   599    1.59363-1
   600    1.55933-1
   601    1.52500-1
   602    1.49189-1
   603    1.46014-1
   604    1.42839-1
   605    1.39785-1
   606    1.36860-1
   607    1.33935-1
   608    1.31126-1
   609    1.28441-1
   610    1.25755-1
   611    1.23177-1
   612    1.20713-1
   613    1.18249-1
   614    1.15889-1
   615    1.13640-1
   616    1.11391-1
   617    1.09239-1
   618    1.07193-1
   619    1.05146-1
   620    1.03191-1
   621    1.01332-1
   622    9.94688-2
   623    9.76921-2
   624    9.60077-2
   625    9.43232-2
   626    9.27190-2
   627    9.12007-2
   628    8.96825-2
   629    8.82390-2
   630    8.68758-2
   631    8.55119-2
   632    8.42167-2
   633    8.29961-2
   634    8.17689-2
   635    8.06193-2
   636    7.95323-2
   637    7.84453-2
   638    7.74179-2
   639    7.64545-2
   640    7.54911-2
 
                                                                          2.9s
 *****************************************************************************
